#
# A fatal error has been detected by the Java Runtime Environment:
#
#  EXCEPTION_ACCESS_VIOLATION (0xc0000005) at pc=0x0000000072ed4bb3, pid=1352, tid=3940
#
# JRE version: Java(TM) SE Runtime Environment (8.0_45-b15) (build 1.8.0_45-b15)
# Java VM: Java HotSpot(TM) 64-Bit Server VM (25.45-b02 mixed mode windows-amd64 compressed oops)
# Problematic frame:
# V  [jvm.dll+0x464bb3]
#
# Failed to write core dump. Minidumps are not enabled by default on client versions of Windows
#
# If you would like to submit a bug report, please visit:
#   http://bugreport.java.com/bugreport/crash.jsp
#

---------------  T H R E A D  ---------------

Current thread (0x0000000054d09000):  JavaThread "C2 CompilerThread0" daemon [_thread_in_native, id=3940, stack(0x0000000055960000,0x0000000055a60000)]

siginfo: ExceptionCode=0xc0000005, reading address 0x0000000800000000

Registers:
RAX=0x0000000056c99028, RBX=0x0000000055a5dea0, RCX=0x0000000093ffff9b, RDX=0x0000000058117f00
RSP=0x0000000055a5dc90, RBP=0x0000000000000258, RSI=0x0000000000001eb9, RDI=0x0000000800000000
R8 =0x000000000000012c, R9 =0x0000000000000800, R10=0x0000000000000000, R11=0x0000000058117f10
R12=0x0000000000000035, R13=0x0000000056c98fb8, R14=0x0000000000001aef, R15=0x000000000000d778
RIP=0x0000000072ed4bb3, EFLAGS=0x0000000000010246

Top of Stack: (sp=0x0000000055a5dc90)
0x0000000055a5dc90:   0000000055a5dea0 0000000000000147
0x0000000055a5dca0:   0000000055a5e940 0000000072f70836
0x0000000055a5dcb0:   0000000073045678 0000000055a5e940
0x0000000055a5dcc0:   0000000056ae2030 0000000055a5def0
0x0000000055a5dcd0:   0000000054c9cc10 0000000072f7142b
0x0000000055a5dce0:   0000000055a5dde0 0000000055a5de90
0x0000000055a5dcf0:   0000000000058220 0000000056a4ce60
0x0000000055a5dd00:   0000000056aea018 0000000072edcc0d
0x0000000055a5dd10:   0000000054c9cc10 0000000055a5de10
0x0000000055a5dd20:   0000000056ae4200 0000000056ae2030
0x0000000055a5dd30:   0000000000000000 0000000055a5f148
0x0000000055a5dd40:   0000000000000020 0000000057c16140
0x0000000055a5dd50:   0000000055a5f2d8 0000000055a5f2f0
0x0000000055a5dd60:   0000000054d012b0 0000000000000004
0x0000000055a5dd70:   0000000000000000 00000000730d8a00
0x0000000055a5dd80:   0000000000000002 0000000072a715d6 

Instructions: (pc=0x0000000072ed4bb3)
0x0000000072ed4b93:   00 33 ed 44 8b e0 0f 1f 80 00 00 00 00 49 8b 45
0x0000000072ed4ba3:   08 48 8b 3c 28 48 85 ff 74 6c 40 f6 c7 01 75 66
0x0000000072ed4bb3:   48 83 3f fe 74 60 8b 4f 28 8b c1 c1 e8 05 3b 43
0x0000000072ed4bc3:   30 72 0f 48 8b 43 20 8b d1 48 8d 4b 20 ff 50 18 


Register to memory mapping:

RAX=0x0000000056c99028 is an unknown value
RBX=0x0000000055a5dea0 is pointing into the stack for thread: 0x0000000054d09000
RCX=0x0000000093ffff9b is an unknown value
RDX=0x0000000058117f00 is an unknown value
RSP=0x0000000055a5dc90 is pointing into the stack for thread: 0x0000000054d09000
RBP=0x0000000000000258 is an unknown value
RSI=0x0000000000001eb9 is an unknown value
RDI=0x0000000800000000 is an unknown value
R8 =0x000000000000012c is an unknown value
R9 =0x0000000000000800 is an unknown value
R10=0x0000000000000000 is an unknown value
R11=0x0000000058117f10 is an unknown value
R12=0x0000000000000035 is an unknown value
R13=0x0000000056c98fb8 is an unknown value
R14=0x0000000000001aef is an unknown value
R15=0x000000000000d778 is an unknown value


Stack: [0x0000000055960000,0x0000000055a60000],  sp=0x0000000055a5dc90,  free space=1015k
Native frames: (J=compiled Java code, j=interpreted, Vv=VM code, C=native code)
V  [jvm.dll+0x464bb3]
V  [jvm.dll+0x50142b]
V  [jvm.dll+0x46cc0d]
V  [jvm.dll+0x4500f2]
V  [jvm.dll+0xa4352]
V  [jvm.dll+0xa4c8f]
V  [jvm.dll+0x241984]
V  [jvm.dll+0x29853a]
C  [msvcr100.dll+0x21d9f]
C  [msvcr100.dll+0x21e3b]
C  [kernel32.dll+0x1f56d]
C  [ntdll.dll+0x33281]


Current CompileTask:
C2:   6385 2146   !   4       com.android.dx.cf.code.Ropper::processBlock (1101 bytes)


---------------  P R O C E S S  ---------------

Java Threads: ( => current thread )
  0x0000000056778000 JavaThread "pool-2-thread-4" [_thread_blocked, id=3532, stack(0x0000000057780000,0x0000000057880000)]
  0x0000000056777800 JavaThread "pool-2-thread-3" [_thread_blocked, id=1248, stack(0x0000000057550000,0x0000000057650000)]
  0x0000000056776800 JavaThread "pool-2-thread-2" [_thread_blocked, id=3888, stack(0x0000000057360000,0x0000000057460000)]
  0x00000000562b2800 JavaThread "pool-3-thread-1" [_thread_blocked, id=3560, stack(0x0000000057100000,0x0000000057200000)]
  0x0000000056217800 JavaThread "pool-2-thread-1" [_thread_in_Java, id=3900, stack(0x0000000056f80000,0x0000000057080000)]
  0x0000000055f80800 JavaThread "Service Thread" daemon [_thread_blocked, id=3500, stack(0x0000000056560000,0x0000000056660000)]
  0x0000000054d13800 JavaThread "C1 CompilerThread1" daemon [_thread_blocked, id=1632, stack(0x0000000055e70000,0x0000000055f70000)]
=>0x0000000054d09000 JavaThread "C2 CompilerThread0" daemon [_thread_in_native, id=3940, stack(0x0000000055960000,0x0000000055a60000)]
  0x0000000054d07000 JavaThread "Attach Listener" daemon [_thread_blocked, id=3192, stack(0x0000000055c90000,0x0000000055d90000)]
  0x0000000054d05800 JavaThread "Signal Dispatcher" daemon [_thread_blocked, id=3804, stack(0x0000000055aa0000,0x0000000055ba0000)]
  0x0000000054cac000 JavaThread "Finalizer" daemon [_thread_blocked, id=552, stack(0x0000000055500000,0x0000000055600000)]
  0x0000000054ca5000 JavaThread "Reference Handler" daemon [_thread_blocked, id=2488, stack(0x00000000557e0000,0x00000000558e0000)]
  0x000000000211e000 JavaThread "main" [_thread_blocked, id=3692, stack(0x0000000002380000,0x0000000002480000)]

Other Threads:
  0x0000000054c9d000 VMThread [stack: 0x0000000055630000,0x0000000055730000] [id=4032]
  0x0000000054d6b000 WatcherThread [stack: 0x00000000563e0000,0x00000000564e0000] [id=3556]

VM state:not at safepoint (normal execution)

VM Mutex/Monitor currently owned by a thread: None

Heap:
 PSYoungGen      total 263680K, used 60086K [0x00000000eab00000, 0x0000000100000000, 0x0000000100000000)
  eden space 215040K, 12% used [0x00000000eab00000,0x00000000ec4c6198,0x00000000f7d00000)
  from space 48640K, 69% used [0x00000000fd080000,0x00000000ff167900,0x0000000100000000)
  to   space 67072K, 0% used [0x00000000f7d00000,0x00000000f7d00000,0x00000000fbe80000)
 ParOldGen       total 169984K, used 87272K [0x00000000c0000000, 0x00000000ca600000, 0x00000000eab00000)
  object space 169984K, 51% used [0x00000000c0000000,0x00000000c553a250,0x00000000ca600000)
 Metaspace       used 6542K, capacity 7256K, committed 7424K, reserved 1056768K
  class space    used 615K, capacity 656K, committed 768K, reserved 1048576K

Card table byte_map: [0x0000000011b10000,0x0000000011d20000] byte_map_base: 0x0000000011510000

Marking Bits: (ParMarkBitMap*) 0x0000000073274040
 Begin Bits: [0x0000000012170000, 0x0000000013170000)
 End Bits:   [0x0000000013170000, 0x0000000014170000)

Polling page: 0x0000000000240000

CodeCache: size=245760Kb used=9496Kb max_used=9496Kb free=236263Kb
 bounds [0x0000000002750000, 0x00000000030a0000, 0x0000000011750000]
 total_blobs=2462 nmethods=2193 adapters=182
 compilation: enabled

Compilation events (10 events):
Event: 6.325 Thread 0x0000000054d13800 2246 %     3       java.util.HashMap::putVal @ 134 (300 bytes)
Event: 6.326 Thread 0x0000000054d13800 nmethod 2246% 0x0000000003078a90 code [0x0000000003078d00, 0x000000000307a218]
Event: 6.326 Thread 0x0000000054d13800 2247       3       java.util.HashMap::putVal (300 bytes)
Event: 6.327 Thread 0x0000000054d13800 nmethod 2247 0x000000000307f290 code [0x000000000307f500, 0x0000000003080778]
Event: 6.331 Thread 0x0000000054d13800 2248 %     3       com.android.dx.ssa.PhiTypeResolver::resolveResultType @ 27 (308 bytes)
Event: 6.334 Thread 0x0000000054d13800 nmethod 2248% 0x0000000003080e50 code [0x0000000003081300, 0x0000000003084a58]
Event: 6.334 Thread 0x0000000054d13800 2249       3       com.android.dx.ssa.PhiTypeResolver::resolveResultType (308 bytes)
Event: 6.336 Thread 0x0000000054d13800 nmethod 2249 0x00000000030865d0 code [0x0000000003086a60, 0x000000000308a098]
Event: 6.357 Thread 0x0000000054d13800 2251       1       com.android.dx.rop.code.Rop::getResult (5 bytes)
Event: 6.357 Thread 0x0000000054d13800 nmethod 2251 0x000000000306d590 code [0x000000000306d6e0, 0x000000000306d7f0]

GC Heap History (10 events):
Event: 2.041 GC heap before
{Heap before GC invocations=5 (full 0):
 PSYoungGen      total 138240K, used 138221K [0x00000000eab00000, 0x00000000f3700000, 0x0000000100000000)
  eden space 133120K, 100% used [0x00000000eab00000,0x00000000f2d00000,0x00000000f2d00000)
  from space 5120K, 99% used [0x00000000f3200000,0x00000000f36fb580,0x00000000f3700000)
  to   space 5120K, 0% used [0x00000000f2d00000,0x00000000f2d00000,0x00000000f3200000)
 ParOldGen       total 87552K, used 6482K [0x00000000c0000000, 0x00000000c5580000, 0x00000000eab00000)
  object space 87552K, 7% used [0x00000000c0000000,0x00000000c06548e8,0x00000000c5580000)
 Metaspace       used 6307K, capacity 7152K, committed 7296K, reserved 1056768K
  class space    used 594K, capacity 616K, committed 640K, reserved 1048576K
Event: 2.080 GC heap after
Heap after GC invocations=5 (full 0):
 PSYoungGen      total 138240K, used 5097K [0x00000000eab00000, 0x00000000fd900000, 0x0000000100000000)
  eden space 133120K, 0% used [0x00000000eab00000,0x00000000eab00000,0x00000000f2d00000)
  from space 5120K, 99% used [0x00000000f2d00000,0x00000000f31fa428,0x00000000f3200000)
  to   space 21504K, 0% used [0x00000000fc400000,0x00000000fc400000,0x00000000fd900000)
 ParOldGen       total 87552K, used 24455K [0x00000000c0000000, 0x00000000c5580000, 0x00000000eab00000)
  object space 87552K, 27% used [0x00000000c0000000,0x00000000c17e1c10,0x00000000c5580000)
 Metaspace       used 6307K, capacity 7152K, committed 7296K, reserved 1056768K
  class space    used 594K, capacity 616K, committed 640K, reserved 1048576K
}
Event: 2.755 GC heap before
{Heap before GC invocations=6 (full 0):
 PSYoungGen      total 138240K, used 138217K [0x00000000eab00000, 0x00000000fd900000, 0x0000000100000000)
  eden space 133120K, 100% used [0x00000000eab00000,0x00000000f2d00000,0x00000000f2d00000)
  from space 5120K, 99% used [0x00000000f2d00000,0x00000000f31fa428,0x00000000f3200000)
  to   space 21504K, 0% used [0x00000000fc400000,0x00000000fc400000,0x00000000fd900000)
 ParOldGen       total 87552K, used 24455K [0x00000000c0000000, 0x00000000c5580000, 0x00000000eab00000)
  object space 87552K, 27% used [0x00000000c0000000,0x00000000c17e1c10,0x00000000c5580000)
 Metaspace       used 6495K, capacity 7256K, committed 7424K, reserved 1056768K
  class space    used 615K, capacity 656K, committed 768K, reserved 1048576K
Event: 2.848 GC heap after
Heap after GC invocations=6 (full 0):
 PSYoungGen      total 281600K, used 21481K [0x00000000eab00000, 0x00000000fe500000, 0x0000000100000000)
  eden space 260096K, 0% used [0x00000000eab00000,0x00000000eab00000,0x00000000fa900000)
  from space 21504K, 99% used [0x00000000fc400000,0x00000000fd8fa4b8,0x00000000fd900000)
  to   space 27648K, 0% used [0x00000000fa900000,0x00000000fa900000,0x00000000fc400000)
 ParOldGen       total 87552K, used 26441K [0x00000000c0000000, 0x00000000c5580000, 0x00000000eab00000)
  object space 87552K, 30% used [0x00000000c0000000,0x00000000c19d2418,0x00000000c5580000)
 Metaspace       used 6495K, capacity 7256K, committed 7424K, reserved 1056768K
  class space    used 615K, capacity 656K, committed 768K, reserved 1048576K
}
Event: 4.048 GC heap before
{Heap before GC invocations=7 (full 0):
 PSYoungGen      total 281600K, used 281577K [0x00000000eab00000, 0x00000000fe500000, 0x0000000100000000)
  eden space 260096K, 100% used [0x00000000eab00000,0x00000000fa900000,0x00000000fa900000)
  from space 21504K, 99% used [0x00000000fc400000,0x00000000fd8fa4b8,0x00000000fd900000)
  to   space 27648K, 0% used [0x00000000fa900000,0x00000000fa900000,0x00000000fc400000)
 ParOldGen       total 87552K, used 26441K [0x00000000c0000000, 0x00000000c5580000, 0x00000000eab00000)
  object space 87552K, 30% used [0x00000000c0000000,0x00000000c19d2418,0x00000000c5580000)
 Metaspace       used 6527K, capacity 7256K, committed 7424K, reserved 1056768K
  class space    used 615K, capacity 656K, committed 768K, reserved 1048576K
Event: 4.139 GC heap after
Heap after GC invocations=7 (full 0):
 PSYoungGen      total 287744K, used 27632K [0x00000000eab00000, 0x0000000100000000, 0x0000000100000000)
  eden space 260096K, 0% used [0x00000000eab00000,0x00000000eab00000,0x00000000fa900000)
  from space 27648K, 99% used [0x00000000fa900000,0x00000000fc3fc038,0x00000000fc400000)
  to   space 48640K, 0% used [0x00000000fd080000,0x00000000fd080000,0x0000000100000000)
 ParOldGen       total 87552K, used 55922K [0x00000000c0000000, 0x00000000c5580000, 0x00000000eab00000)
  object space 87552K, 63% used [0x00000000c0000000,0x00000000c369cb88,0x00000000c5580000)
 Metaspace       used 6527K, capacity 7256K, committed 7424K, reserved 1056768K
  class space    used 615K, capacity 656K, committed 768K, reserved 1048576K
}
Event: 5.271 GC heap before
{Heap before GC invocations=8 (full 0):
 PSYoungGen      total 287744K, used 287728K [0x00000000eab00000, 0x0000000100000000, 0x0000000100000000)
  eden space 260096K, 100% used [0x00000000eab00000,0x00000000fa900000,0x00000000fa900000)
  from space 27648K, 99% used [0x00000000fa900000,0x00000000fc3fc038,0x00000000fc400000)
  to   space 48640K, 0% used [0x00000000fd080000,0x00000000fd080000,0x0000000100000000)
 ParOldGen       total 87552K, used 55922K [0x00000000c0000000, 0x00000000c5580000, 0x00000000eab00000)
  object space 87552K, 63% used [0x00000000c0000000,0x00000000c369cb88,0x00000000c5580000)
 Metaspace       used 6542K, capacity 7256K, committed 7424K, reserved 1056768K
  class space    used 615K, capacity 656K, committed 768K, reserved 1048576K
Event: 5.384 GC heap after
Heap after GC invocations=8 (full 0):
 PSYoungGen      total 263680K, used 48634K [0x00000000eab00000, 0x0000000100000000, 0x0000000100000000)
  eden space 215040K, 0% used [0x00000000eab00000,0x00000000eab00000,0x00000000f7d00000)
  from space 48640K, 99% used [0x00000000fd080000,0x00000000ffffe858,0x0000000100000000)
  to   space 67072K, 0% used [0x00000000f7d00000,0x00000000f7d00000,0x00000000fbe80000)
 ParOldGen       total 87552K, used 75751K [0x00000000c0000000, 0x00000000c5580000, 0x00000000eab00000)
  object space 87552K, 86% used [0x00000000c0000000,0x00000000c49f9cc8,0x00000000c5580000)
 Metaspace       used 6542K, capacity 7256K, committed 7424K, reserved 1056768K
  class space    used 615K, capacity 656K, committed 768K, reserved 1048576K
}
Event: 5.384 GC heap before
{Heap before GC invocations=9 (full 1):
 PSYoungGen      total 263680K, used 48634K [0x00000000eab00000, 0x0000000100000000, 0x0000000100000000)
  eden space 215040K, 0% used [0x00000000eab00000,0x00000000eab00000,0x00000000f7d00000)
  from space 48640K, 99% used [0x00000000fd080000,0x00000000ffffe858,0x0000000100000000)
  to   space 67072K, 0% used [0x00000000f7d00000,0x00000000f7d00000,0x00000000fbe80000)
 ParOldGen       total 87552K, used 75751K [0x00000000c0000000, 0x00000000c5580000, 0x00000000eab00000)
  object space 87552K, 86% used [0x00000000c0000000,0x00000000c49f9cc8,0x00000000c5580000)
 Metaspace       used 6542K, capacity 7256K, committed 7424K, reserved 1056768K
  class space    used 615K, capacity 656K, committed 768K, reserved 1048576K
Event: 6.316 GC heap after
Heap after GC invocations=9 (full 1):
 PSYoungGen      total 263680K, used 33694K [0x00000000eab00000, 0x0000000100000000, 0x0000000100000000)
  eden space 215040K, 0% used [0x00000000eab00000,0x00000000eab00000,0x00000000f7d00000)
  from space 48640K, 69% used [0x00000000fd080000,0x00000000ff167900,0x0000000100000000)
  to   space 67072K, 0% used [0x00000000f7d00000,0x00000000f7d00000,0x00000000fbe80000)
 ParOldGen       total 169984K, used 87272K [0x00000000c0000000, 0x00000000ca600000, 0x00000000eab00000)
  object space 169984K, 51% used [0x00000000c0000000,0x00000000c553a250,0x00000000ca600000)
 Metaspace       used 6542K, capacity 7256K, committed 7424K, reserved 1056768K
  class space    used 615K, capacity 656K, committed 768K, reserved 1048576K
}

Deoptimization events (10 events):
Event: 2.975 Thread 0x0000000056217800 Uncommon trap: reason=bimorphic action=maybe_recompile pc=0x0000000002efd604 method=com.android.dx.cf.code.BytecodeArray.parseInstruction(ILcom/android/dx/cf/code/BytecodeArray$Visitor;)I @ 2281
Event: 2.999 Thread 0x0000000056217800 Uncommon trap: reason=unstable_if action=reinterpret pc=0x0000000002dce4b0 method=java.util.HashMap.getNode(ILjava/lang/Object;)Ljava/util/HashMap$Node; @ 84
Event: 3.880 Thread 0x0000000056777800 Uncommon trap: reason=unstable_if action=reinterpret pc=0x0000000002d61098 method=com.android.dx.dex.code.OutputFinisher.hasLocalInfo(Lcom/android/dx/dex/code/DalvInsn;)Z @ 24
Event: 3.922 Thread 0x0000000056777800 Uncommon trap: reason=unstable_if action=reinterpret pc=0x0000000002e92070 method=java.util.HashMap.resize()[Ljava/util/HashMap$Node; @ 206
Event: 4.397 Thread 0x0000000056776800 Uncommon trap: reason=unstable_if action=reinterpret pc=0x0000000002e37f04 method=com.android.dx.ssa.MoveParamCombiner$1.visitNonMoveInsn(Lcom/android/dx/ssa/NormalSsaInsn;)V @ 27
Event: 4.520 Thread 0x0000000056776800 Uncommon trap: reason=unstable_if action=reinterpret pc=0x0000000002fa0aec method=com.android.dx.ssa.SCCP.simulateBranch(Lcom/android/dx/ssa/SsaInsn;)V @ 548
Event: 4.531 Thread 0x0000000056776800 Uncommon trap: reason=unstable_if action=reinterpret pc=0x0000000002f437ec method=com.android.dx.rop.code.RegisterSpecSet.<init>(I)V @ 2
Event: 4.531 Thread 0x0000000056776800 Uncommon trap: reason=unstable_if action=reinterpret pc=0x0000000002d402a8 method=com.android.dx.rop.code.RegisterSpecSet.<init>(I)V @ 2
Event: 5.153 Thread 0x0000000056776800 Uncommon trap: reason=unstable_if action=reinterpret pc=0x0000000002ef389c method=com.android.dx.ssa.DeadCodeRemover.pruneDeadInstructions()V @ 49
Event: 5.209 Thread 0x0000000056776800 Uncommon trap: reason=unstable_if action=reinterpret pc=0x0000000002fcbeec method=java.util.HashMap.putVal(ILjava/lang/Object;Ljava/lang/Object;ZZ)Ljava/lang/Object; @ 109

Internal exceptions (5 events):
Event: 0.027 Thread 0x000000000211e000 Exception <a 'java/lang/NoSuchMethodError': Method sun.misc.Unsafe.defineClass(Ljava/lang/String;[BII)Ljava/lang/Class; name or signature does not match> (0x00000000eab0d5a8) thrown at [C:\re\workspace\8-2-build-windows-amd64-cygwin\jdk8u45\3627\hotspot\srj√	†õ?
Event: 0.027 Thread 0x000000000211e000 Exception <a 'java/lang/NoSuchMethodError': Method sun.misc.Unsafe.prefetchRead(Ljava/lang/Object;J)V name or signature does not match> (0x00000000eab0d838) thrown at [C:\re\workspace\8-2-build-windows-amd64-cygwin\jdk8u45\3627\hotspot\src\share\vm\prims\j›+¶Q†•@
Event: 2.706 Thread 0x0000000056217800 Exception <a 'java/lang/ArrayIndexOutOfBoundsException': 18> (0x00000000f23a61e0) thrown at [C:\re\workspace\8-2-build-windows-amd64-cygwin\jdk8u45\3627\hotspot\src\share\vm\interpreter\interpreterRuntime.cpp, line 366]
Event: 2.706 Thread 0x0000000056217800 Exception <a 'java/lang/ArrayIndexOutOfBoundsException'> (0x00000000f23a7cb0) thrown at [C:\re\workspace\8-2-build-windows-amd64-cygwin\jdk8u45\3627\hotspot\src\share\vm\runtime\sharedRuntime.cpp, line 605]
Event: 2.707 Thread 0x0000000056217800 Exception <a 'java/lang/ArrayIndexOutOfBoundsException'> (0x00000000f23a8ee8) thrown at [C:\re\workspace\8-2-build-windows-amd64-cygwin\jdk8u45\3627\hotspot\src\share\vm\runtime\sharedRuntime.cpp, line 605]

Events (10 events):
Event: 5.240 Thread 0x0000000056776800 DEOPT PACKING pc=0x0000000002beb131 sp=0x000000005745e840
Event: 5.240 Thread 0x0000000056776800 DEOPT UNPACKING pc=0x000000000279747f sp=0x000000005745e670 mode 0
Event: 5.271 Executing VM operation: ParallelGCFailedAllocation
Event: 6.316 Executing VM operation: ParallelGCFailedAllocation done
Event: 6.327 Thread 0x0000000056776800 DEOPT PACKING pc=0x0000000002ee4f5f sp=0x000000005745e400
Event: 6.327 Thread 0x0000000056776800 DEOPT UNPACKING pc=0x000000000279747f sp=0x000000005745e138 mode 0
Event: 6.336 Thread 0x0000000056776800 DEOPT PACKING pc=0x0000000002df932f sp=0x000000005745e810
Event: 6.336 Thread 0x0000000056776800 DEOPT UNPACKING pc=0x000000000279747f sp=0x000000005745e5d0 mode 0
Event: 6.348 Thread 0x0000000056778000 DEOPT PACKING pc=0x0000000002beb131 sp=0x000000005787e940
Event: 6.348 Thread 0x0000000056778000 DEOPT UNPACKING pc=0x000000000279747f sp=0x000000005787e770 mode 0


Dynamic libraries:
0x000000013fd90000 - 0x000000013fdc7000 	C:\Program Files\Java\jdk1.8.0_45\bin\java.exe
0x00000000776f0000 - 0x000000007789b000 	C:\Windows\SYSTEM32\ntdll.dll
0x00000000775d0000 - 0x00000000776ef000 	C:\Windows\system32\kernel32.dll
0x000007fefd870000 - 0x000007fefd8db000 	C:\Windows\system32\KERNELBASE.dll
0x000007fefda20000 - 0x000007fefdafb000 	C:\Windows\system32\ADVAPI32.dll
0x000007feff960000 - 0x000007feff9ff000 	C:\Windows\system32\msvcrt.dll
0x000007feff690000 - 0x000007feff6af000 	C:\Windows\SYSTEM32\sechost.dll
0x000007feff2d0000 - 0x000007feff3fe000 	C:\Windows\system32\RPCRT4.dll
0x00000000774d0000 - 0x00000000775ca000 	C:\Windows\system32\USER32.dll
0x000007fefefc0000 - 0x000007feff027000 	C:\Windows\system32\GDI32.dll
0x000007feff8d0000 - 0x000007feff8de000 	C:\Windows\system32\LPK.dll
0x000007fefed10000 - 0x000007fefedda000 	C:\Windows\system32\USP10.dll
0x000007fefc130000 - 0x000007fefc324000 	C:\Windows\WinSxS\amd64_microsoft.windows.common-controls_6595b64144ccf1df_6.0.7600.16385_none_fa645303170382f6\COMCTL32.dll
0x000007feff750000 - 0x000007feff7c1000 	C:\Windows\system32\SHLWAPI.dll
0x000007feff930000 - 0x000007feff95e000 	C:\Windows\system32\IMM32.DLL
0x000007feff160000 - 0x000007feff269000 	C:\Windows\system32\MSCTF.dll
0x000000006b6b0000 - 0x000000006b782000 	C:\Program Files\Java\jdk1.8.0_45\jre\bin\msvcr100.dll
0x0000000072a70000 - 0x00000000732f3000 	C:\Program Files\Java\jdk1.8.0_45\jre\bin\server\jvm.dll
0x000007fef70f0000 - 0x000007fef70f9000 	C:\Windows\system32\WSOCK32.dll
0x000007feff280000 - 0x000007feff2cd000 	C:\Windows\system32\WS2_32.dll
0x000007feff270000 - 0x000007feff278000 	C:\Windows\system32\NSI.dll
0x000007fef91e0000 - 0x000007fef921b000 	C:\Windows\system32\WINMM.dll
0x000007fefc7c0000 - 0x000007fefc7cc000 	C:\Windows\system32\VERSION.dll
0x00000000778c0000 - 0x00000000778c7000 	C:\Windows\system32\PSAPI.DLL
0x0000000074e80000 - 0x0000000074e8f000 	C:\Program Files\Java\jdk1.8.0_45\jre\bin\verify.dll
0x0000000074e50000 - 0x0000000074e79000 	C:\Program Files\Java\jdk1.8.0_45\jre\bin\java.dll
0x0000000074840000 - 0x0000000074856000 	C:\Program Files\Java\jdk1.8.0_45\jre\bin\zip.dll
0x000007fefdba0000 - 0x000007fefe926000 	C:\Windows\system32\SHELL32.dll
0x000007feff480000 - 0x000007feff681000 	C:\Windows\system32\ole32.dll
0x000007fefd650000 - 0x000007fefd65f000 	C:\Windows\system32\profapi.dll
0x000007fef82f0000 - 0x000007fef8415000 	C:\Windows\system32\dbghelp.dll

VM Arguments:
jvm_args: -Djava.awt.headless=true -Xmx1024M -Dfile.encoding=windows-1252 -Duser.country=US -Duser.language=en -Duser.variant 
java_command: com.android.dx.command.Main --dex --num-threads=4 --multi-dex --main-dex-list D:\mehul\WorkspaceStudio\Bavaria\app\build\intermediates\multi-dex\debug\maindexlist.txt --output D:\mehul\WorkspaceStudio\Bavaria\app\build\intermediates\transforms\dex\debug\folders\1000\1f\main D:\mehul\WorkspaceStudio\Bavaria\app\build\intermediates\transforms\jarMerging\debug\jars\1\1f\combined.jar
java_class_path (initial): D:\sdk\sdk\build-tools\23.0.3\lib\dx.jar
Launcher Type: SUN_STANDARD

Environment Variables:
PATH=C:\ProgramData\Oracle\Java\javapath;C:\Program Files (x86)\Intel\iCLS Client\;C:\Program Files\Intel\iCLS Client\;C:\Windows\system32;C:\Windows;C:\Windows\System32\Wbem;C:\Windows\System32\WindowsPowerShell\v1.0\;C:\Program Files\Intel\Intel(R) Management Engine Components\DAL;C:\Program Files\Intel\Intel(R) Management Engine Components\IPT;C:\Program Files (x86)\Intel\Intel(R) Management Engine Components\DAL;C:\Program Files (x86)\Intel\Intel(R) Management Engine Components\IPT;C:\Program Files (x86)\Skype\Phone\;C:\Program Files\Java\jdk1.8.0_45\bin;D:\sdk\android-ndk-r11c;
USERNAME=archirayan1
OS=Windows_NT
PROCESSOR_IDENTIFIER=Intel64 Family 6 Model 58 Stepping 9, GenuineIntel



---------------  S Y S T E M  ---------------

OS: Windows 7 , 64 bit Build 7600 (6.1.7600.16385)

CPU:total 2 (2 cores per cpu, 1 threads per core) family 6 model 58 stepping 9, cmov, cx8, fxsr, mmx, sse, sse2, sse3, ssse3, sse4.1, sse4.2, popcnt, clmul, erms, tsc, tscinvbit, tscinv

Memory: 4k page, physical 8279584k(3321984k free), swap 16557272k(11258408k free)

vm_info: Java HotSpot(TM) 64-Bit Server VM (25.45-b02) for windows-amd64 JRE (1.8.0_45-b15), built on Apr 30 2015 12:40:44 by "java_re" with MS VC++ 10.0 (VS2010)

time: Tue Jul 12 14:55:28 2016
elapsed time: 6 seconds (0d 0h 0m 6s)

