#
# A fatal error has been detected by the Java Runtime Environment:
#
#  EXCEPTION_ACCESS_VIOLATION (0xc0000005) at pc=0x0000000073d052f2, pid=648, tid=2140
#
# JRE version: Java(TM) SE Runtime Environment (8.0_45-b15) (build 1.8.0_45-b15)
# Java VM: Java HotSpot(TM) 64-Bit Server VM (25.45-b02 mixed mode windows-amd64 compressed oops)
# Problematic frame:
# V  [jvm.dll+0x3f52f2]
#
# Failed to write core dump. Minidumps are not enabled by default on client versions of Windows
#
# If you would like to submit a bug report, please visit:
#   http://bugreport.java.com/bugreport/crash.jsp
#

---------------  T H R E A D  ---------------

Current thread (0x0000000054dad000):  VMThread [stack: 0x0000000055610000,0x0000000055710000] [id=2140]

siginfo: ExceptionCode=0xc0000005, reading address 0xffffffffffffffff

Registers:
RAX=0x00001c0491915198, RBX=0x00008c16d7d697f8, RCX=0x00000000741140c0, RDX=0xe0248c8b4cc38b4c
RSP=0x000000005570f020, RBP=0x00000000741140c0, RSI=0x0000000000380000, RDI=0xe0248c8b4cc38b4c
R8 =0x000000005570f100, R9 =0x0000000073910000, R10=0x0000000000000000, R11=0x0000000002d3ecc5
R12=0x000000000000f000, R13=0x0000000073ef51c8, R14=0x0000000000000000, R15=0x0000000000001000
RIP=0x0000000073d052f2, EFLAGS=0x0000000000010a02

Top of Stack: (sp=0x000000005570f020)
0x000000005570f020:   000000005570f0a0 0000000000000000
0x000000005570f030:   0000000000380000 0000000073ef51c8
0x000000005570f040:   000000000000f000 0000000073d0758d
0x000000005570f050:   0000000002d40c87 000000005570f109
0x000000005570f060:   00000000740d3550 0000000002d3e650
0x000000005570f070:   0000000073f55d28 00000000739a85a5
0x000000005570f080:   0000000073f55d28 00000000740d3550
0x000000005570f090:   00000000740d3550 0000000002d3e650
0x000000005570f0a0:   0000000000000000 0000000002d3e8c6
0x000000005570f0b0:   0000000002d3ec88 0000000002d3e650
0x000000005570f0c0:   0000000002d40c85 000000000000000a
0x000000005570f0d0:   000000005570f0c8 00000017f2000000
0x000000005570f0e0:   0000000002d3eca0 0000000002d3eca0
0x000000005570f0f0:   0000000002d433a0 0000000002d3eca0
0x000000005570f100:   0000000002d433a0 0000000002d43608
0x000000005570f110:   0000000073ef51c8 000000005570f0a0 

Instructions: (pc=0x0000000073d052f2)
0x0000000073d052d2:   24 20 41 54 48 83 ec 20 48 8b 71 18 48 8b c2 48
0x0000000073d052e2:   8b fa 48 2b 01 48 8b e9 48 c1 e8 13 48 8d 1c 80
0x0000000073d052f2:   44 8b 44 de 1c 8b 44 de 18 4c 8b 24 de 41 81 e0
0x0000000073d05302:   ff ff ff 07 4c 03 c0 49 81 f8 00 00 01 00 75 09 


Register to memory mapping:

RAX=0x00001c0491915198 is an unknown value
RBX=0x00008c16d7d697f8 is an unknown value
RCX=0x00000000741140c0 is an unknown value
RDX=0xe0248c8b4cc38b4c is an unknown value
RSP=0x000000005570f020 is an unknown value
RBP=0x00000000741140c0 is an unknown value
RSI=0x0000000000380000 is an unknown value
RDI=0xe0248c8b4cc38b4c is an unknown value
R8 =0x000000005570f100 is an unknown value
R9 =0x0000000073910000 is an unknown value
R10=0x0000000000000000 is an unknown value
R11=0x0000000002d3ecc5 is at entry_point+37 in (nmethod*)0x0000000002d3e650
R12=0x000000000000f000 is an unknown value
R13=0x0000000073ef51c8 is an unknown value
R14=0x0000000000000000 is an unknown value
R15=0x0000000000001000 is an unknown value


Stack: [0x0000000055610000,0x0000000055710000],  sp=0x000000005570f020,  free space=1020k
Native frames: (J=compiled Java code, j=interpreted, Vv=VM code, C=native code)
V  [jvm.dll+0x3f52f2]
V  [jvm.dll+0x3f758d]
V  [jvm.dll+0x985a5]
V  [jvm.dll+0xe104a]
V  [jvm.dll+0x8dc4c]
V  [jvm.dll+0x3f5e4e]
V  [jvm.dll+0x3f7061]
V  [jvm.dll+0x3fafff]
V  [jvm.dll+0x3eaa44]
V  [jvm.dll+0x3fd326]
V  [jvm.dll+0x247ef7]
V  [jvm.dll+0x247196]
V  [jvm.dll+0x247631]
V  [jvm.dll+0x24784e]
V  [jvm.dll+0x29853a]
C  [msvcr100.dll+0x21d9f]
C  [msvcr100.dll+0x21e3b]
C  [kernel32.dll+0x1f56d]
C  [ntdll.dll+0x33281]

VM_Operation (0x000000005714e490): ParallelGCFailedAllocation, mode: safepoint, requested by thread 0x0000000056738800


---------------  P R O C E S S  ---------------

Java Threads: ( => current thread )
  0x0000000056673000 JavaThread "pool-2-thread-4" [_thread_blocked, id=3500, stack(0x00000000576d0000,0x00000000577d0000)]
  0x0000000056861800 JavaThread "pool-2-thread-3" [_thread_blocked, id=2796, stack(0x0000000057190000,0x0000000057290000)]
  0x000000005685f800 JavaThread "pool-2-thread-2" [_thread_blocked, id=3676, stack(0x00000000574b0000,0x00000000575b0000)]
  0x0000000056665000 JavaThread "pool-3-thread-1" [_thread_blocked, id=3680, stack(0x0000000057300000,0x0000000057400000)]
  0x0000000056738800 JavaThread "pool-2-thread-1" [_thread_blocked, id=1372, stack(0x0000000057050000,0x0000000057150000)]
  0x0000000054e21000 JavaThread "Service Thread" daemon [_thread_blocked, id=3180, stack(0x0000000056140000,0x0000000056240000)]
  0x0000000054e20000 JavaThread "C1 CompilerThread1" daemon [_thread_blocked, id=2472, stack(0x0000000055ac0000,0x0000000055bc0000)]
  0x0000000054e18800 JavaThread "C2 CompilerThread0" daemon [_thread_blocked, id=2512, stack(0x0000000055f70000,0x0000000056070000)]
  0x0000000054e17000 JavaThread "Attach Listener" daemon [_thread_blocked, id=2124, stack(0x0000000055d50000,0x0000000055e50000)]
  0x0000000054e15800 JavaThread "Signal Dispatcher" daemon [_thread_blocked, id=3508, stack(0x0000000055bd0000,0x0000000055cd0000)]
  0x0000000054db6000 JavaThread "Finalizer" daemon [_thread_blocked, id=1824, stack(0x0000000055910000,0x0000000055a10000)]
  0x0000000054db5000 JavaThread "Reference Handler" daemon [_thread_blocked, id=1204, stack(0x00000000557d0000,0x00000000558d0000)]
  0x000000000034e000 JavaThread "main" [_thread_blocked, id=432, stack(0x00000000022c0000,0x00000000023c0000)]

Other Threads:
=>0x0000000054dad000 VMThread [stack: 0x0000000055610000,0x0000000055710000] [id=2140]
  0x0000000054e23000 WatcherThread [stack: 0x0000000056250000,0x0000000056350000] [id=2908]

VM state:at safepoint (normal execution)

VM Mutex/Monitor currently owned by a thread:  ([mutex/lock_event])
[0x000000000034c5b0] Threads_lock - owner thread: 0x0000000054dad000
[0x000000000034cab0] Heap_lock - owner thread: 0x0000000056738800

Heap:
 PSYoungGen      total 232960K, used 19104K [0x00000000eab00000, 0x0000000100000000, 0x0000000100000000)
  eden space 116736K, 0% used [0x00000000eab00000,0x00000000eab00000,0x00000000f1d00000)
  from space 116224K, 16% used [0x00000000f8e80000,0x00000000fa128000,0x0000000100000000)
  to   space 116224K, 0% used [0x00000000f1d00000,0x00000000f1d00000,0x00000000f8e80000)
 ParOldGen       total 679424K, used 643851K [0x00000000c0000000, 0x00000000e9780000, 0x00000000eab00000)
  object space 679424K, 94% used [0x00000000c0000000,0x00000000e74c2e68,0x00000000e9780000)
 Metaspace       used 6586K, capacity 7320K, committed 7680K, reserved 1056768K
  class space    used 617K, capacity 656K, committed 768K, reserved 1048576K

Card table byte_map: [0x0000000011a50000,0x0000000011c60000] byte_map_base: 0x0000000011450000

Marking Bits: (ParMarkBitMap*) 0x0000000074114040
 Begin Bits: [0x0000000012280000, 0x0000000013280000)
 End Bits:   [0x0000000013280000, 0x0000000014280000)

Polling page: 0x0000000000330000

CodeCache: size=245760Kb used=12099Kb max_used=13332Kb free=233660Kb
 bounds [0x0000000002690000, 0x00000000033c0000, 0x0000000011690000]
 total_blobs=2590 nmethods=2321 adapters=182
 compilation: enabled

Compilation events (10 events):
Event: 33.195 Thread 0x0000000054e20000 2796       2       com.android.dx.ssa.NormalSsaInsn::setNewSources (46 bytes)
Event: 33.196 Thread 0x0000000054e20000 nmethod 2796 0x0000000002c88790 code [0x0000000002c88920, 0x0000000002c88b98]
Event: 33.196 Thread 0x0000000054e20000 2797       2       com.android.dx.ssa.NormalSsaInsn::upgradeToLiteral (32 bytes)
Event: 33.196 Thread 0x0000000054e20000 nmethod 2797 0x000000000289bf10 code [0x000000000289c080, 0x000000000289c278]
Event: 33.196 Thread 0x0000000054e20000 2798   !   2       com.android.dx.rop.code.PlainInsn::withSourceLiteral (216 bytes)
Event: 33.197 Thread 0x0000000054e20000 nmethod 2798 0x000000000299b050 code [0x000000000299b2c0, 0x000000000299bc88]
Event: 33.316 Thread 0x0000000054e20000 2799 %     3       com.android.dx.cf.direct.StdAttributeFactory::innerClasses @ 108 (383 bytes)
Event: 33.322 Thread 0x0000000054e20000 nmethod 2799% 0x00000000030504d0 code [0x0000000003050f60, 0x0000000003058b08]
Event: 33.322 Thread 0x0000000054e20000 2800       3       com.android.dx.cf.direct.StdAttributeFactory::innerClasses (383 bytes)
Event: 33.327 Thread 0x0000000054e20000 nmethod 2800 0x0000000002de5ad0 code [0x0000000002de6540, 0x0000000002dede48]

GC Heap History (10 events):
Event: 31.884 GC heap after
Heap after GC invocations=44 (full 4):
 PSYoungGen      total 232960K, used 78759K [0x00000000eab00000, 0x0000000100000000, 0x0000000100000000)
  eden space 116736K, 0% used [0x00000000eab00000,0x00000000eab00000,0x00000000f1d00000)
  from space 116224K, 67% used [0x00000000f8e80000,0x00000000fdb69d38,0x0000000100000000)
  to   space 116224K, 0% used [0x00000000f1d00000,0x00000000f1d00000,0x00000000f8e80000)
 ParOldGen       total 679424K, used 563079K [0x00000000c0000000, 0x00000000e9780000, 0x00000000eab00000)
  object space 679424K, 82% used [0x00000000c0000000,0x00000000e25e1fc8,0x00000000e9780000)
 Metaspace       used 6582K, capacity 7320K, committed 7680K, reserved 1056768K
  class space    used 616K, capacity 656K, committed 768K, reserved 1048576K
}
Event: 32.213 GC heap before
{Heap before GC invocations=45 (full 4):
 PSYoungGen      total 232960K, used 195495K [0x00000000eab00000, 0x0000000100000000, 0x0000000100000000)
  eden space 116736K, 100% used [0x00000000eab00000,0x00000000f1d00000,0x00000000f1d00000)
  from space 116224K, 67% used [0x00000000f8e80000,0x00000000fdb69d38,0x0000000100000000)
  to   space 116224K, 0% used [0x00000000f1d00000,0x00000000f1d00000,0x00000000f8e80000)
 ParOldGen       total 679424K, used 563079K [0x00000000c0000000, 0x00000000e9780000, 0x00000000eab00000)
  object space 679424K, 82% used [0x00000000c0000000,0x00000000e25e1fc8,0x00000000e9780000)
 Metaspace       used 6582K, capacity 7320K, committed 7680K, reserved 1056768K
  class space    used 616K, capacity 656K, committed 768K, reserved 1048576K
Event: 32.283 GC heap after
Heap after GC invocations=45 (full 4):
 PSYoungGen      total 232960K, used 71129K [0x00000000eab00000, 0x0000000100000000, 0x0000000100000000)
  eden space 116736K, 0% used [0x00000000eab00000,0x00000000eab00000,0x00000000f1d00000)
  from space 116224K, 61% used [0x00000000f1d00000,0x00000000f62767f8,0x00000000f8e80000)
  to   space 116224K, 0% used [0x00000000f8e80000,0x00000000f8e80000,0x0000000100000000)
 ParOldGen       total 679424K, used 577712K [0x00000000c0000000, 0x00000000e9780000, 0x00000000eab00000)
  object space 679424K, 85% used [0x00000000c0000000,0x00000000e342c3d0,0x00000000e9780000)
 Metaspace       used 6582K, capacity 7320K, committed 7680K, reserved 1056768K
  class space    used 616K, capacity 656K, committed 768K, reserved 1048576K
}
Event: 32.613 GC heap before
{Heap before GC invocations=46 (full 4):
 PSYoungGen      total 232960K, used 187865K [0x00000000eab00000, 0x0000000100000000, 0x0000000100000000)
  eden space 116736K, 100% used [0x00000000eab00000,0x00000000f1d00000,0x00000000f1d00000)
  from space 116224K, 61% used [0x00000000f1d00000,0x00000000f62767f8,0x00000000f8e80000)
  to   space 116224K, 0% used [0x00000000f8e80000,0x00000000f8e80000,0x0000000100000000)
 ParOldGen       total 679424K, used 577712K [0x00000000c0000000, 0x00000000e9780000, 0x00000000eab00000)
  object space 679424K, 85% used [0x00000000c0000000,0x00000000e342c3d0,0x00000000e9780000)
 Metaspace       used 6583K, capacity 7320K, committed 7680K, reserved 1056768K
  class space    used 616K, capacity 656K, committed 768K, reserved 1048576K
Event: 32.707 GC heap after
Heap after GC invocations=46 (full 4):
 PSYoungGen      total 232960K, used 33463K [0x00000000eab00000, 0x0000000100000000, 0x0000000100000000)
  eden space 116736K, 0% used [0x00000000eab00000,0x00000000eab00000,0x00000000f1d00000)
  from space 116224K, 28% used [0x00000000f8e80000,0x00000000faf2dc30,0x0000000100000000)
  to   space 116224K, 0% used [0x00000000f1d00000,0x00000000f1d00000,0x00000000f8e80000)
 ParOldGen       total 679424K, used 592338K [0x00000000c0000000, 0x00000000e9780000, 0x00000000eab00000)
  object space 679424K, 87% used [0x00000000c0000000,0x00000000e4274bd0,0x00000000e9780000)
 Metaspace       used 6583K, capacity 7320K, committed 7680K, reserved 1056768K
  class space    used 616K, capacity 656K, committed 768K, reserved 1048576K
}
Event: 33.050 GC heap before
{Heap before GC invocations=47 (full 4):
 PSYoungGen      total 232960K, used 150199K [0x00000000eab00000, 0x0000000100000000, 0x0000000100000000)
  eden space 116736K, 100% used [0x00000000eab00000,0x00000000f1d00000,0x00000000f1d00000)
  from space 116224K, 28% used [0x00000000f8e80000,0x00000000faf2dc30,0x0000000100000000)
  to   space 116224K, 0% used [0x00000000f1d00000,0x00000000f1d00000,0x00000000f8e80000)
 ParOldGen       total 679424K, used 592338K [0x00000000c0000000, 0x00000000e9780000, 0x00000000eab00000)
  object space 679424K, 87% used [0x00000000c0000000,0x00000000e4274bd0,0x00000000e9780000)
 Metaspace       used 6584K, capacity 7320K, committed 7680K, reserved 1056768K
  class space    used 617K, capacity 656K, committed 768K, reserved 1048576K
Event: 33.131 GC heap after
Heap after GC invocations=47 (full 4):
 PSYoungGen      total 232960K, used 41273K [0x00000000eab00000, 0x0000000100000000, 0x0000000100000000)
  eden space 116736K, 0% used [0x00000000eab00000,0x00000000eab00000,0x00000000f1d00000)
  from space 116224K, 35% used [0x00000000f1d00000,0x00000000f454e700,0x00000000f8e80000)
  to   space 116224K, 0% used [0x00000000f8e80000,0x00000000f8e80000,0x0000000100000000)
 ParOldGen       total 679424K, used 603372K [0x00000000c0000000, 0x00000000e9780000, 0x00000000eab00000)
  object space 679424K, 88% used [0x00000000c0000000,0x00000000e4d3b2a8,0x00000000e9780000)
 Metaspace       used 6584K, capacity 7320K, committed 7680K, reserved 1056768K
  class space    used 617K, capacity 656K, committed 768K, reserved 1048576K
}
Event: 33.478 GC heap before
{Heap before GC invocations=48 (full 4):
 PSYoungGen      total 232960K, used 158009K [0x00000000eab00000, 0x0000000100000000, 0x0000000100000000)
  eden space 116736K, 100% used [0x00000000eab00000,0x00000000f1d00000,0x00000000f1d00000)
  from space 116224K, 35% used [0x00000000f1d00000,0x00000000f454e700,0x00000000f8e80000)
  to   space 116224K, 0% used [0x00000000f8e80000,0x00000000f8e80000,0x0000000100000000)
 ParOldGen       total 679424K, used 603372K [0x00000000c0000000, 0x00000000e9780000, 0x00000000eab00000)
  object space 679424K, 88% used [0x00000000c0000000,0x00000000e4d3b2a8,0x00000000e9780000)
 Metaspace       used 6586K, capacity 7320K, committed 7680K, reserved 1056768K
  class space    used 617K, capacity 656K, committed 768K, reserved 1048576K
Event: 33.567 GC heap after
Heap after GC invocations=48 (full 4):
 PSYoungGen      total 232960K, used 19104K [0x00000000eab00000, 0x0000000100000000, 0x0000000100000000)
  eden space 116736K, 0% used [0x00000000eab00000,0x00000000eab00000,0x00000000f1d00000)
  from space 116224K, 16% used [0x00000000f8e80000,0x00000000fa128000,0x0000000100000000)
  to   space 116224K, 0% used [0x00000000f1d00000,0x00000000f1d00000,0x00000000f8e80000)
 ParOldGen       total 679424K, used 643851K [0x00000000c0000000, 0x00000000e9780000, 0x00000000eab00000)
  object space 679424K, 94% used [0x00000000c0000000,0x00000000e74c2e68,0x00000000e9780000)
 Metaspace       used 6586K, capacity 7320K, committed 7680K, reserved 1056768K
  class space    used 617K, capacity 656K, committed 768K, reserved 1048576K
}
Event: 33.567 GC heap before
{Heap before GC invocations=49 (full 5):
 PSYoungGen      total 232960K, used 19104K [0x00000000eab00000, 0x0000000100000000, 0x0000000100000000)
  eden space 116736K, 0% used [0x00000000eab00000,0x00000000eab00000,0x00000000f1d00000)
  from space 116224K, 16% used [0x00000000f8e80000,0x00000000fa128000,0x0000000100000000)
  to   space 116224K, 0% used [0x00000000f1d00000,0x00000000f1d00000,0x00000000f8e80000)
 ParOldGen       total 679424K, used 643851K [0x00000000c0000000, 0x00000000e9780000, 0x00000000eab00000)
  object space 679424K, 94% used [0x00000000c0000000,0x00000000e74c2e68,0x00000000e9780000)
 Metaspace       used 6586K, capacity 7320K, committed 7680K, reserved 1056768K
  class space    used 617K, capacity 656K, committed 768K, reserved 1048576K

Deoptimization events (10 events):
Event: 31.792 Thread 0x0000000056673000 Uncommon trap: reason=class_check action=maybe_recompile pc=0x0000000002e2d264 method=com.android.dx.rop.cst.CstType.equals(Ljava/lang/Object;)Z @ 1
Event: 31.885 Thread 0x0000000056673000 Uncommon trap: reason=class_check action=maybe_recompile pc=0x0000000002e2d264 method=com.android.dx.rop.cst.CstType.equals(Ljava/lang/Object;)Z @ 1
Event: 31.886 Thread 0x0000000056673000 Uncommon trap: reason=class_check action=maybe_recompile pc=0x0000000002e2d264 method=com.android.dx.rop.cst.CstType.equals(Ljava/lang/Object;)Z @ 1
Event: 32.396 Thread 0x0000000056861800 Uncommon trap: reason=bimorphic action=maybe_recompile pc=0x0000000002a7a3c8 method=com.android.dx.cf.code.Merger.mergeType(Lcom/android/dx/rop/type/TypeBearer;Lcom/android/dx/rop/type/TypeBearer;)Lcom/android/dx/rop/type/TypeBearer; @ 21
Event: 32.408 Thread 0x0000000056861800 Uncommon trap: reason=unstable_if action=reinterpret pc=0x000000000290a95c method=com.android.dx.cf.code.Merger.mergeType(Lcom/android/dx/rop/type/TypeBearer;Lcom/android/dx/rop/type/TypeBearer;)Lcom/android/dx/rop/type/TypeBearer; @ 68
Event: 32.420 Thread 0x0000000056861800 Uncommon trap: reason=unstable_if action=reinterpret pc=0x0000000002a7a47c method=com.android.dx.cf.code.Merger.mergeType(Lcom/android/dx/rop/type/TypeBearer;Lcom/android/dx/rop/type/TypeBearer;)Lcom/android/dx/rop/type/TypeBearer; @ 68
Event: 32.443 Thread 0x0000000056861800 Uncommon trap: reason=unstable_if action=reinterpret pc=0x0000000002b91e5c method=com.android.dx.cf.code.Merger.mergeType(Lcom/android/dx/rop/type/TypeBearer;Lcom/android/dx/rop/type/TypeBearer;)Lcom/android/dx/rop/type/TypeBearer; @ 68
Event: 32.771 Thread 0x0000000056738800 Uncommon trap: reason=unstable_if action=reinterpret pc=0x0000000002820f44 method=com.android.dx.cf.code.Merger.isPossiblyAssignableFrom(Lcom/android/dx/rop/type/TypeBearer;Lcom/android/dx/rop/type/TypeBearer;)Z @ 131
Event: 32.780 Thread 0x0000000056738800 Uncommon trap: reason=unstable_if action=reinterpret pc=0x00000000028fceb8 method=com.android.dx.cf.code.Merger.isPossiblyAssignableFrom(Lcom/android/dx/rop/type/TypeBearer;Lcom/android/dx/rop/type/TypeBearer;)Z @ 131
Event: 32.850 Thread 0x0000000056738800 Uncommon trap: reason=unstable_if action=reinterpret pc=0x0000000002c97b0c method=com.android.dx.dex.code.RopTranslator.outputBlock(Lcom/android/dx/rop/code/BasicBlock;I)V @ 140

Internal exceptions (7 events):
Event: 0.028 Thread 0x000000000034e000 Exception <a 'java/lang/NoSuchMethodError': Method sun.misc.Unsafe.defineClass(Ljava/lang/String;[BII)Ljava/lang/Class; name or signature does not match> (0x00000000eab0d5a8) thrown at [C:\re\workspace\8-2-build-windows-amd64-cygwin\jdk8u45\3627\hotspot\sr¥MªýÙœ?
Event: 0.028 Thread 0x000000000034e000 Exception <a 'java/lang/NoSuchMethodError': Method sun.misc.Unsafe.prefetchRead(Ljava/lang/Object;J)V name or signature does not match> (0x00000000eab0d838) thrown at [C:\re\workspace\8-2-build-windows-amd64-cygwin\jdk8u45\3627\hotspot\src\share\vm\prims\j
€ÑÐ%ð?
Event: 1.009 Thread 0x0000000056861800 Implicit null exception at 0x0000000002a64c71 to 0x0000000002a679a1
Event: 1.543 Thread 0x0000000056673000 Implicit null exception at 0x0000000002baf1c8 to 0x0000000002baf335
Event: 2.841 Thread 0x0000000056738800 Exception <a 'java/lang/ArrayIndexOutOfBoundsException': 18> (0x00000000f2204e08) thrown at [C:\re\workspace\8-2-build-windows-amd64-cygwin\jdk8u45\3627\hotspot\src\share\vm\interpreter\interpreterRuntime.cpp, line 366]
Event: 2.841 Thread 0x0000000056738800 Exception <a 'java/lang/ArrayIndexOutOfBoundsException'> (0x00000000f22068d8) thrown at [C:\re\workspace\8-2-build-windows-amd64-cygwin\jdk8u45\3627\hotspot\src\share\vm\runtime\sharedRuntime.cpp, line 605]
Event: 2.841 Thread 0x0000000056738800 Exception <a 'java/lang/ArrayIndexOutOfBoundsException'> (0x00000000f2207b10) thrown at [C:\re\workspace\8-2-build-windows-amd64-cygwin\jdk8u45\3627\hotspot\src\share\vm\runtime\sharedRuntime.cpp, line 605]

Events (10 events):
Event: 33.327 Thread 0x0000000054e20000 flushing nmethod 0x0000000002b3b3d0
Event: 33.327 Thread 0x0000000054e20000 flushing nmethod 0x0000000002b61490
Event: 33.327 Thread 0x0000000054e20000 flushing nmethod 0x0000000002b7ea50
Event: 33.327 Thread 0x0000000054e20000 flushing nmethod 0x0000000002bb3210
Event: 33.327 Thread 0x0000000054e20000 flushing nmethod 0x0000000002bcfc50
Event: 33.327 Thread 0x000000000034e000 DEOPT PACKING pc=0x0000000002edd02d sp=0x00000000023be410
Event: 33.327 Thread 0x000000000034e000 DEOPT UNPACKING pc=0x00000000026d747f sp=0x00000000023be2d8 mode 0
Event: 33.351 Thread 0x0000000056738800 DEOPT PACKING pc=0x0000000002dae664 sp=0x000000005714eaf0
Event: 33.351 Thread 0x0000000056738800 DEOPT UNPACKING pc=0x00000000026d747f sp=0x000000005714e8d0 mode 0
Event: 33.477 Executing VM operation: ParallelGCFailedAllocation


Dynamic libraries:
0x000000013feb0000 - 0x000000013fee7000 	C:\Program Files\Java\jdk1.8.0_45\bin\java.exe
0x0000000076f30000 - 0x00000000770db000 	C:\Windows\SYSTEM32\ntdll.dll
0x0000000076d10000 - 0x0000000076e2f000 	C:\Windows\system32\kernel32.dll
0x000007fefcfa0000 - 0x000007fefd00b000 	C:\Windows\system32\KERNELBASE.dll
0x000007fefe0a0000 - 0x000007fefe17b000 	C:\Windows\system32\ADVAPI32.dll
0x000007fefdb90000 - 0x000007fefdc2f000 	C:\Windows\system32\msvcrt.dll
0x000007fefe220000 - 0x000007fefe23f000 	C:\Windows\SYSTEM32\sechost.dll
0x000007fefe290000 - 0x000007fefe3be000 	C:\Windows\system32\RPCRT4.dll
0x0000000076e30000 - 0x0000000076f2a000 	C:\Windows\system32\USER32.dll
0x000007feff1d0000 - 0x000007feff237000 	C:\Windows\system32\GDI32.dll
0x000007fefe180000 - 0x000007fefe18e000 	C:\Windows\system32\LPK.dll
0x000007fefdfd0000 - 0x000007fefe09a000 	C:\Windows\system32\USP10.dll
0x000007fefbb10000 - 0x000007fefbd04000 	C:\Windows\WinSxS\amd64_microsoft.windows.common-controls_6595b64144ccf1df_6.0.7600.16385_none_fa645303170382f6\COMCTL32.dll
0x000007fefe190000 - 0x000007fefe201000 	C:\Windows\system32\SHLWAPI.dll
0x000007fefde20000 - 0x000007fefde4e000 	C:\Windows\system32\IMM32.DLL
0x000007fefd260000 - 0x000007fefd369000 	C:\Windows\system32\MSCTF.dll
0x000000006c750000 - 0x000000006c822000 	C:\Program Files\Java\jdk1.8.0_45\jre\bin\msvcr100.dll
0x0000000073910000 - 0x0000000074193000 	C:\Program Files\Java\jdk1.8.0_45\jre\bin\server\jvm.dll
0x000007fef5280000 - 0x000007fef5289000 	C:\Windows\system32\WSOCK32.dll
0x000007fefdd10000 - 0x000007fefdd5d000 	C:\Windows\system32\WS2_32.dll
0x000007fefe210000 - 0x000007fefe218000 	C:\Windows\system32\NSI.dll
0x000007fefbfc0000 - 0x000007fefbffb000 	C:\Windows\system32\WINMM.dll
0x000007fefc000000 - 0x000007fefc00c000 	C:\Windows\system32\VERSION.dll
0x00000000770f0000 - 0x00000000770f7000 	C:\Windows\system32\PSAPI.DLL
0x00000000746c0000 - 0x00000000746cf000 	C:\Program Files\Java\jdk1.8.0_45\jre\bin\verify.dll
0x0000000074690000 - 0x00000000746b9000 	C:\Program Files\Java\jdk1.8.0_45\jre\bin\java.dll
0x0000000072dc0000 - 0x0000000072dd6000 	C:\Program Files\Java\jdk1.8.0_45\jre\bin\zip.dll
0x000007fefe3c0000 - 0x000007feff146000 	C:\Windows\system32\SHELL32.dll
0x000007fefd980000 - 0x000007fefdb81000 	C:\Windows\system32\ole32.dll
0x000007fefce90000 - 0x000007fefce9f000 	C:\Windows\system32\profapi.dll
0x000007fef82e0000 - 0x000007fef8405000 	C:\Windows\system32\dbghelp.dll

VM Arguments:
jvm_args: -Djava.awt.headless=true -Xmx1024M -Dfile.encoding=windows-1252 -Duser.country=US -Duser.language=en -Duser.variant 
java_command: com.android.dx.command.Main --dex --num-threads=4 --multi-dex --main-dex-list D:\mehul\WorkspaceStudio\Bavaria\app\build\intermediates\multi-dex\debug\maindexlist.txt --output D:\mehul\WorkspaceStudio\Bavaria\app\build\intermediates\transforms\dex\debug\folders\1000\1f\main D:\mehul\WorkspaceStudio\Bavaria\app\build\intermediates\transforms\jarMerging\debug\jars\1\1f\combined.jar
java_class_path (initial): D:\sdk\sdk\build-tools\23.0.3\lib\dx.jar
Launcher Type: SUN_STANDARD

Environment Variables:
PATH=C:\ProgramData\Oracle\Java\javapath;C:\Program Files (x86)\Intel\iCLS Client\;C:\Program Files\Intel\iCLS Client\;C:\Windows\system32;C:\Windows;C:\Windows\System32\Wbem;C:\Windows\System32\WindowsPowerShell\v1.0\;C:\Program Files\Intel\Intel(R) Management Engine Components\DAL;C:\Program Files\Intel\Intel(R) Management Engine Components\IPT;C:\Program Files (x86)\Intel\Intel(R) Management Engine Components\DAL;C:\Program Files (x86)\Intel\Intel(R) Management Engine Components\IPT;C:\Program Files (x86)\Skype\Phone\;C:\Program Files\Java\jdk1.8.0_45\bin;D:\sdk\android-ndk-r11c;
USERNAME=archirayan1
OS=Windows_NT
PROCESSOR_IDENTIFIER=Intel64 Family 6 Model 58 Stepping 9, GenuineIntel



---------------  S Y S T E M  ---------------

OS: Windows 7 , 64 bit Build 7600 (6.1.7600.16385)

CPU:total 2 (2 cores per cpu, 1 threads per core) family 6 model 58 stepping 9, cmov, cx8, fxsr, mmx, sse, sse2, sse3, ssse3, sse4.1, sse4.2, popcnt, clmul, erms, tsc, tscinvbit, tscinv

Memory: 4k page, physical 8279584k(4196068k free), swap 16557272k(12257824k free)

vm_info: Java HotSpot(TM) 64-Bit Server VM (25.45-b02) for windows-amd64 JRE (1.8.0_45-b15), built on Apr 30 2015 12:40:44 by "java_re" with MS VC++ 10.0 (VS2010)

time: Mon Jul 11 15:15:46 2016
elapsed time: 34 seconds (0d 0h 0m 34s)

