#
# A fatal error has been detected by the Java Runtime Environment:
#
#  EXCEPTION_ACCESS_VIOLATION (0xc0000005) at pc=0x0000000072e5f67a, pid=3800, tid=1060
#
# JRE version: Java(TM) SE Runtime Environment (8.0_45-b15) (build 1.8.0_45-b15)
# Java VM: Java HotSpot(TM) 64-Bit Server VM (25.45-b02 mixed mode windows-amd64 compressed oops)
# Problematic frame:
# V  [jvm.dll+0x3ef67a]
#
# Failed to write core dump. Minidumps are not enabled by default on client versions of Windows
#
# If you would like to submit a bug report, please visit:
#   http://bugreport.java.com/bugreport/crash.jsp
#

---------------  T H R E A D  ---------------

Current thread (0x0000000002136000):  GCTaskThread [stack: 0x0000000011e60000,0x0000000011f60000] [id=1060]

siginfo: ExceptionCode=0xc0000005, reading address 0x0000000000000129

Registers:
RAX=0x0000000000000021, RBX=0x0000000000000cf4, RCX=0x00000000c4edb950, RDX=0x0000000054bc9d10
RSP=0x0000000011f5f900, RBP=0x0000000000000000, RSI=0x0000000054bc9d10, RDI=0x0000000000000001
R8 =0x00000000c0f7f630, R9 =0x00000000c4edb950, R10=0x000000000000000c, R11=0x0000000000000cf4
R12=0x00000000730b4a88, R13=0x00000000021323d0, R14=0x00000000021365b0, R15=0x0000000000000000
RIP=0x0000000072e5f67a, EFLAGS=0x0000000000010206

Top of Stack: (sp=0x0000000011f5f900)
0x0000000011f5f900:   00000000551267e0 0000000000000000
0x0000000011f5f910:   0000000054bc9d10 00000000730b4a88
0x0000000011f5f920:   00000000c4e5bab8 0000000072e635c8
0x0000000011f5f930:   0000000073274040 0000000000000005
0x0000000011f5f940:   00005942000005ce 0000000072ba8639
0x0000000011f5f950:   00000000c4e40304 0000000072b82be6
0x0000000011f5f960:   00000000c4e5bab8 00000000021323d0
0x0000000011f5f970:   00000000021365c0 00000000021365b0
0x0000000011f5f980:   00000000730b4a88 0000000000000001
0x0000000011f5f990:   0000000059673780 0000000000000000
0x0000000011f5f9a0:   0000000054bc9d10 0000000072e5d0af
0x0000000011f5f9b0:   00000000c0f7f630 0000000000000000
0x0000000011f5f9c0:   0000000059673780 00000000730b4a88
0x0000000011f5f9d0:   00000000cd67bfb8 0000000000000200
0x0000000011f5f9e0:   0000000059673780 0000000072e5a33e
0x0000000011f5f9f0:   0000000000000011 0000000002136000 

Instructions: (pc=0x0000000072e5f67a)
0x0000000072e5f65a:   00 74 28 8b 0d 45 11 3a 00 45 8b 48 08 48 8b d6
0x0000000072e5f66a:   49 d3 e1 4c 03 0d 2c 11 3a 00 49 8b c9 49 8b 01
0x0000000072e5f67a:   ff 90 08 01 00 00 e9 1b ff ff ff 4d 8b 48 08 48
0x0000000072e5f68a:   8b d6 49 8b 01 49 8b c9 ff 90 08 01 00 00 e9 03 


Register to memory mapping:

RAX=0x0000000000000021 is an unknown value
RBX=0x0000000000000cf4 is an unknown value
RCX=0x00000000c4edb950 is an oop
com.android.dx.rop.code.RegisterSpec 
 - klass: 'com/android/dx/rop/code/RegisterSpec'
RDX=0x0000000054bc9d10 is an unknown value
RSP=0x0000000011f5f900 is an unknown value
RBP=0x0000000000000000 is an unknown value
RSI=0x0000000054bc9d10 is an unknown value
RDI=0x0000000000000001 is an unknown value
R8 =0x00000000c0f7f630 is pointing into object: 0x00000000c0f7f628
[Ljava.lang.Object; 
 - klass: 'java/lang/Object'[]
 - length: 2
R9 =0x00000000c4edb950 is an oop
com.android.dx.rop.code.RegisterSpec 
 - klass: 'com/android/dx/rop/code/RegisterSpec'
R10=0x000000000000000c is an unknown value
R11=0x0000000000000cf4 is an unknown value
R12=0x00000000730b4a88 is an unknown value
R13=0x00000000021323d0 is an unknown value
R14=0x00000000021365b0 is an unknown value
R15=0x0000000000000000 is an unknown value


Stack: [0x0000000011e60000,0x0000000011f60000],  sp=0x0000000011f5f900,  free space=1022k
Native frames: (J=compiled Java code, j=interpreted, Vv=VM code, C=native code)


---------------  P R O C E S S  ---------------

Java Threads: ( => current thread )
  0x00000000563fb000 JavaThread "pool-2-thread-4" [_thread_blocked, id=4072, stack(0x00000000576e0000,0x00000000577e0000)]
  0x00000000563fa800 JavaThread "pool-2-thread-3" [_thread_blocked, id=3140, stack(0x0000000057530000,0x0000000057630000)]
  0x0000000056b51800 JavaThread "pool-2-thread-2" [_thread_blocked, id=3692, stack(0x0000000056540000,0x0000000056640000)]
  0x0000000056b50800 JavaThread "pool-3-thread-1" [_thread_blocked, id=1956, stack(0x00000000572f0000,0x00000000573f0000)]
  0x0000000056b50000 JavaThread "pool-2-thread-1" [_thread_blocked, id=2512, stack(0x00000000567e0000,0x00000000568e0000)]
  0x0000000056148800 JavaThread "Service Thread" daemon [_thread_blocked, id=552, stack(0x0000000056640000,0x0000000056740000)]
  0x0000000054cd0800 JavaThread "C1 CompilerThread1" daemon [_thread_blocked, id=968, stack(0x0000000056040000,0x0000000056140000)]
  0x0000000054c79000 JavaThread "C2 CompilerThread0" daemon [_thread_blocked, id=3384, stack(0x0000000055f10000,0x0000000056010000)]
  0x0000000054c77000 JavaThread "Attach Listener" daemon [_thread_blocked, id=1248, stack(0x0000000055de0000,0x0000000055ee0000)]
  0x0000000054c75800 JavaThread "Signal Dispatcher" daemon [_thread_blocked, id=876, stack(0x0000000055bf0000,0x0000000055cf0000)]
  0x0000000054c1c000 JavaThread "Finalizer" daemon [_thread_blocked, id=3960, stack(0x00000000559f0000,0x0000000055af0000)]
  0x0000000054c15000 JavaThread "Reference Handler" daemon [_thread_blocked, id=1316, stack(0x0000000055860000,0x0000000055960000)]
  0x0000000001cbe000 JavaThread "main" [_thread_blocked, id=4036, stack(0x0000000002310000,0x0000000002410000)]

Other Threads:
  0x0000000054c0d000 VMThread [stack: 0x00000000556a0000,0x00000000557a0000] [id=3024]
  0x0000000056151000 WatcherThread [stack: 0x0000000056900000,0x0000000056a00000] [id=3536]

=>0x0000000002136000 (exited) GCTaskThread [stack: 0x0000000011e60000,0x0000000011f60000] [id=1060]

VM state:at safepoint (normal execution)

VM Mutex/Monitor currently owned by a thread:  ([mutex/lock_event])
[0x0000000001cbc5b0] Threads_lock - owner thread: 0x0000000054c0d000
[0x0000000001cbcab0] Heap_lock - owner thread: 0x00000000563fa800

Heap:
 PSYoungGen      total 232960K, used 153822K [0x00000000eab00000, 0x0000000100000000, 0x0000000100000000)
  eden space 116736K, 100% used [0x00000000eab00000,0x00000000f1d00000,0x00000000f1d00000)
  from space 116224K, 31% used [0x00000000f1d00000,0x00000000f4137bb8,0x00000000f8e80000)
  to   space 115200K, 0% used [0x00000000f8f80000,0x00000000f8f80000,0x0000000100000000)
 ParOldGen       total 699392K, used 677258K [0x00000000c0000000, 0x00000000eab00000, 0x00000000eab00000)
  object space 699392K, 96% used [0x00000000c0000000,0x00000000e95628c8,0x00000000eab00000)
 Metaspace       used 6587K, capacity 7320K, committed 7680K, reserved 1056768K
  class space    used 618K, capacity 656K, committed 768K, reserved 1048576K

Card table byte_map: [0x0000000011aa0000,0x0000000011cb0000] byte_map_base: 0x00000000114a0000

Marking Bits: (ParMarkBitMap*) 0x0000000073274040
 Begin Bits: [0x00000000120e0000, 0x00000000130e0000)
 End Bits:   [0x00000000130e0000, 0x00000000140e0000)

Polling page: 0x0000000000430000

CodeCache: size=245760Kb used=11622Kb max_used=13251Kb free=234137Kb
 bounds [0x00000000026e0000, 0x0000000003410000, 0x00000000116e0000]
 total_blobs=2510 nmethods=2241 adapters=182
 compilation: enabled

Compilation events (10 events):
Event: 33.971 Thread 0x0000000054cd0800 2754       2       com.android.dx.rop.code.AccessFlags::isAnnotation (14 bytes)
Event: 33.972 Thread 0x0000000054cd0800 nmethod 2754 0x0000000002b496d0 code [0x0000000002b49820, 0x0000000002b49970]
Event: 33.972 Thread 0x0000000054c79000 nmethod 2745 0x0000000002a77c10 code [0x0000000002a77e60, 0x0000000002a79030]
Event: 33.972 Thread 0x0000000054c79000 2750   !   4       com.android.dx.cf.code.Ropper::processBlock (1101 bytes)
Event: 39.436 Thread 0x0000000054cd0800 2765       2       java.util.HashMap$TreeNode::split (218 bytes)
Event: 39.436 Thread 0x0000000054cd0800 nmethod 2765 0x00000000027fb910 code [0x00000000027fbae0, 0x00000000027fc1d8]
Event: 39.437 Thread 0x0000000054cd0800 2766       2       java.util.HashMap::replacementNode (21 bytes)
Event: 39.437 Thread 0x0000000054cd0800 nmethod 2766 0x0000000002d63290 code [0x0000000002d633e0, 0x0000000002d635d0]
Event: 39.540 Thread 0x0000000054cd0800 2768       2       com.android.dx.dex.file.ClassDefItem::addFieldAnnotations (11 bytes)
Event: 39.540 Thread 0x0000000054cd0800 nmethod 2768 0x0000000002d62ed0 code [0x0000000002d63040, 0x0000000002d631a8]

GC Heap History (10 events):
Event: 32.771 GC heap after
Heap after GC invocations=48 (full 4):
 PSYoungGen      total 223744K, used 58750K [0x00000000eab00000, 0x00000000ff700000, 0x0000000100000000)
  eden space 116736K, 0% used [0x00000000eab00000,0x00000000eab00000,0x00000000f1d00000)
  from space 107008K, 54% used [0x00000000f8e80000,0x00000000fc7df8c8,0x00000000ff700000)
  to   space 111616K, 0% used [0x00000000f1d00000,0x00000000f1d00000,0x00000000f8a00000)
 ParOldGen       total 677376K, used 605898K [0x00000000c0000000, 0x00000000e9580000, 0x00000000eab00000)
  object space 677376K, 89% used [0x00000000c0000000,0x00000000e4fb28d0,0x00000000e9580000)
 Metaspace       used 6586K, capacity 7320K, committed 7680K, reserved 1056768K
  class space    used 618K, capacity 656K, committed 768K, reserved 1048576K
}
Event: 33.112 GC heap before
{Heap before GC invocations=49 (full 4):
 PSYoungGen      total 223744K, used 175486K [0x00000000eab00000, 0x00000000ff700000, 0x0000000100000000)
  eden space 116736K, 100% used [0x00000000eab00000,0x00000000f1d00000,0x00000000f1d00000)
  from space 107008K, 54% used [0x00000000f8e80000,0x00000000fc7df8c8,0x00000000ff700000)
  to   space 111616K, 0% used [0x00000000f1d00000,0x00000000f1d00000,0x00000000f8a00000)
 ParOldGen       total 677376K, used 605898K [0x00000000c0000000, 0x00000000e9580000, 0x00000000eab00000)
  object space 677376K, 89% used [0x00000000c0000000,0x00000000e4fb28d0,0x00000000e9580000)
 Metaspace       used 6586K, capacity 7320K, committed 7680K, reserved 1056768K
  class space    used 618K, capacity 656K, committed 768K, reserved 1048576K
Event: 33.260 GC heap after
Heap after GC invocations=49 (full 4):
 PSYoungGen      total 228352K, used 76656K [0x00000000eab00000, 0x0000000100000000, 0x0000000100000000)
  eden space 116736K, 0% used [0x00000000eab00000,0x00000000eab00000,0x00000000f1d00000)
  from space 111616K, 68% used [0x00000000f1d00000,0x00000000f67dc270,0x00000000f8a00000)
  to   space 112128K, 0% used [0x00000000f9280000,0x00000000f9280000,0x0000000100000000)
 ParOldGen       total 677376K, used 605898K [0x00000000c0000000, 0x00000000e9580000, 0x00000000eab00000)
  object space 677376K, 89% used [0x00000000c0000000,0x00000000e4fb28d0,0x00000000e9580000)
 Metaspace       used 6586K, capacity 7320K, committed 7680K, reserved 1056768K
  class space    used 618K, capacity 656K, committed 768K, reserved 1048576K
}
Event: 33.597 GC heap before
{Heap before GC invocations=50 (full 4):
 PSYoungGen      total 228352K, used 193392K [0x00000000eab00000, 0x0000000100000000, 0x0000000100000000)
  eden space 116736K, 100% used [0x00000000eab00000,0x00000000f1d00000,0x00000000f1d00000)
  from space 111616K, 68% used [0x00000000f1d00000,0x00000000f67dc270,0x00000000f8a00000)
  to   space 112128K, 0% used [0x00000000f9280000,0x00000000f9280000,0x0000000100000000)
 ParOldGen       total 677376K, used 605898K [0x00000000c0000000, 0x00000000e9580000, 0x00000000eab00000)
  object space 677376K, 89% used [0x00000000c0000000,0x00000000e4fb28d0,0x00000000e9580000)
 Metaspace       used 6586K, capacity 7320K, committed 7680K, reserved 1056768K
  class space    used 618K, capacity 656K, committed 768K, reserved 1048576K
Event: 33.716 GC heap after
Heap after GC invocations=50 (full 4):
 PSYoungGen      total 228864K, used 94013K [0x00000000eab00000, 0x0000000100000000, 0x0000000100000000)
  eden space 116736K, 0% used [0x00000000eab00000,0x00000000eab00000,0x00000000f1d00000)
  from space 112128K, 83% used [0x00000000f9280000,0x00000000fee4f410,0x0000000100000000)
  to   space 116224K, 0% used [0x00000000f1d00000,0x00000000f1d00000,0x00000000f8e80000)
 ParOldGen       total 677376K, used 605898K [0x00000000c0000000, 0x00000000e9580000, 0x00000000eab00000)
  object space 677376K, 89% used [0x00000000c0000000,0x00000000e4fb28d0,0x00000000e9580000)
 Metaspace       used 6586K, capacity 7320K, committed 7680K, reserved 1056768K
  class space    used 618K, capacity 656K, committed 768K, reserved 1048576K
}
Event: 34.028 GC heap before
{Heap before GC invocations=51 (full 4):
 PSYoungGen      total 228864K, used 210749K [0x00000000eab00000, 0x0000000100000000, 0x0000000100000000)
  eden space 116736K, 100% used [0x00000000eab00000,0x00000000f1d00000,0x00000000f1d00000)
  from space 112128K, 83% used [0x00000000f9280000,0x00000000fee4f410,0x0000000100000000)
  to   space 116224K, 0% used [0x00000000f1d00000,0x00000000f1d00000,0x00000000f8e80000)
 ParOldGen       total 677376K, used 605898K [0x00000000c0000000, 0x00000000e9580000, 0x00000000eab00000)
  object space 677376K, 89% used [0x00000000c0000000,0x00000000e4fb28d0,0x00000000e9580000)
 Metaspace       used 6586K, capacity 7320K, committed 7680K, reserved 1056768K
  class space    used 618K, capacity 656K, committed 768K, reserved 1048576K
Event: 34.302 GC heap after
Heap after GC invocations=51 (full 4):
 PSYoungGen      total 232960K, used 70584K [0x00000000eab00000, 0x0000000100000000, 0x0000000100000000)
  eden space 116736K, 0% used [0x00000000eab00000,0x00000000eab00000,0x00000000f1d00000)
  from space 116224K, 60% used [0x00000000f1d00000,0x00000000f61ee320,0x00000000f8e80000)
  to   space 115200K, 0% used [0x00000000f8f80000,0x00000000f8f80000,0x0000000100000000)
 ParOldGen       total 677376K, used 645899K [0x00000000c0000000, 0x00000000e9580000, 0x00000000eab00000)
  object space 677376K, 95% used [0x00000000c0000000,0x00000000e76c2e88,0x00000000e9580000)
 Metaspace       used 6586K, capacity 7320K, committed 7680K, reserved 1056768K
  class space    used 618K, capacity 656K, committed 768K, reserved 1048576K
}
Event: 34.302 GC heap before
{Heap before GC invocations=52 (full 5):
 PSYoungGen      total 232960K, used 70584K [0x00000000eab00000, 0x0000000100000000, 0x0000000100000000)
  eden space 116736K, 0% used [0x00000000eab00000,0x00000000eab00000,0x00000000f1d00000)
  from space 116224K, 60% used [0x00000000f1d00000,0x00000000f61ee320,0x00000000f8e80000)
  to   space 115200K, 0% used [0x00000000f8f80000,0x00000000f8f80000,0x0000000100000000)
 ParOldGen       total 677376K, used 645899K [0x00000000c0000000, 0x00000000e9580000, 0x00000000eab00000)
  object space 677376K, 95% used [0x00000000c0000000,0x00000000e76c2e88,0x00000000e9580000)
 Metaspace       used 6586K, capacity 7320K, committed 7680K, reserved 1056768K
  class space    used 618K, capacity 656K, committed 768K, reserved 1048576K
Event: 39.272 GC heap after
Heap after GC invocations=52 (full 5):
 PSYoungGen      total 232960K, used 37086K [0x00000000eab00000, 0x0000000100000000, 0x0000000100000000)
  eden space 116736K, 0% used [0x00000000eab00000,0x00000000eab00000,0x00000000f1d00000)
  from space 116224K, 31% used [0x00000000f1d00000,0x00000000f4137bb8,0x00000000f8e80000)
  to   space 115200K, 0% used [0x00000000f8f80000,0x00000000f8f80000,0x0000000100000000)
 ParOldGen       total 699392K, used 677258K [0x00000000c0000000, 0x00000000eab00000, 0x00000000eab00000)
  object space 699392K, 96% used [0x00000000c0000000,0x00000000e95628c8,0x00000000eab00000)
 Metaspace       used 6586K, capacity 7320K, committed 7680K, reserved 1056768K
  class space    used 618K, capacity 656K, committed 768K, reserved 1048576K
}
Event: 39.607 GC heap before
{Heap before GC invocations=53 (full 6):
 PSYoungGen      total 232960K, used 153822K [0x00000000eab00000, 0x0000000100000000, 0x0000000100000000)
  eden space 116736K, 100% used [0x00000000eab00000,0x00000000f1d00000,0x00000000f1d00000)
  from space 116224K, 31% used [0x00000000f1d00000,0x00000000f4137bb8,0x00000000f8e80000)
  to   space 115200K, 0% used [0x00000000f8f80000,0x00000000f8f80000,0x0000000100000000)
 ParOldGen       total 699392K, used 677258K [0x00000000c0000000, 0x00000000eab00000, 0x00000000eab00000)
  object space 699392K, 96% used [0x00000000c0000000,0x00000000e95628c8,0x00000000eab00000)
 Metaspace       used 6587K, capacity 7320K, committed 7680K, reserved 1056768K
  class space    used 618K, capacity 656K, committed 768K, reserved 1048576K

Deoptimization events (10 events):
Event: 27.271 Thread 0x00000000563fb000 Uncommon trap: reason=class_check action=maybe_recompile pc=0x000000000338ff5c method=com.android.dx.ssa.back.InterferenceGraph.mergeInterferenceSet(ILcom/android/dx/util/IntSet;)V @ 20
Event: 27.272 Thread 0x00000000563fb000 Uncommon trap: reason=class_check action=maybe_recompile pc=0x000000000338ff5c method=com.android.dx.ssa.back.InterferenceGraph.mergeInterferenceSet(ILcom/android/dx/util/IntSet;)V @ 20
Event: 27.272 Thread 0x00000000563fb000 Uncommon trap: reason=class_check action=maybe_recompile pc=0x000000000338ff5c method=com.android.dx.ssa.back.InterferenceGraph.mergeInterferenceSet(ILcom/android/dx/util/IntSet;)V @ 20
Event: 27.276 Thread 0x00000000563fb000 Uncommon trap: reason=class_check action=maybe_recompile pc=0x0000000003398a6c method=com.android.dx.ssa.back.InterferenceGraph.mergeInterferenceSet(ILcom/android/dx/util/IntSet;)V @ 20
Event: 27.276 Thread 0x00000000563fb000 Uncommon trap: reason=class_check action=maybe_recompile pc=0x000000000338ff5c method=com.android.dx.ssa.back.InterferenceGraph.mergeInterferenceSet(ILcom/android/dx/util/IntSet;)V @ 20
Event: 28.899 Thread 0x0000000056b50000 Uncommon trap: reason=class_check action=maybe_recompile pc=0x0000000002e47150 method=com.android.dx.ssa.back.InterferenceGraph.add(II)V @ 19
Event: 28.899 Thread 0x0000000056b50000 Uncommon trap: reason=class_check action=maybe_recompile pc=0x0000000002e47150 method=com.android.dx.ssa.back.InterferenceGraph.add(II)V @ 19
Event: 28.899 Thread 0x0000000056b50000 Uncommon trap: reason=class_check action=maybe_recompile pc=0x0000000002e47150 method=com.android.dx.ssa.back.InterferenceGraph.add(II)V @ 19
Event: 28.899 Thread 0x0000000056b50000 Uncommon trap: reason=class_check action=maybe_recompile pc=0x0000000002e47150 method=com.android.dx.ssa.back.InterferenceGraph.add(II)V @ 19
Event: 32.816 Thread 0x0000000056b50000 Uncommon trap: reason=unstable_if action=reinterpret pc=0x00000000032eeddc method=com.android.dx.cf.code.Ropper.processBlock(Lcom/android/dx/cf/code/ByteBlock;Lcom/android/dx/cf/code/Frame;[I)V @ 651

Internal exceptions (10 events):
Event: 0.030 Thread 0x0000000001cbe000 Exception <a 'java/lang/NoSuchMethodError': Method sun.misc.Unsafe.defineClass(Ljava/lang/String;[BII)Ljava/lang/Class; name or signature does not match> (0x00000000eab0d0f8) thrown at [C:\re\workspace\8-2-build-windows-amd64-cygwin\jdk8u45\3627\hotspot\srç”≥b¶û?
Event: 0.030 Thread 0x0000000001cbe000 Exception <a 'java/lang/NoSuchMethodError': Method sun.misc.Unsafe.prefetchRead(Ljava/lang/Object;J)V name or signature does not match> (0x00000000eab0d388) thrown at [C:\re\workspace\8-2-build-windows-amd64-cygwin\jdk8u45\3627\hotspot\src\share\vm\prims\jnÖA<ò#Í?
Event: 0.817 Thread 0x0000000056b50000 Implicit null exception at 0x0000000002b235dd to 0x0000000002b25d51
Event: 0.849 Thread 0x0000000056b51800 Implicit null exception at 0x0000000002b46852 to 0x0000000002b46942
Event: 2.682 Thread 0x0000000056b51800 Exception <a 'java/lang/ArrayIndexOutOfBoundsException': 18> (0x00000000f1da7918) thrown at [C:\re\workspace\8-2-build-windows-amd64-cygwin\jdk8u45\3627\hotspot\src\share\vm\interpreter\interpreterRuntime.cpp, line 366]
Event: 2.682 Thread 0x0000000056b51800 Exception <a 'java/lang/ArrayIndexOutOfBoundsException'> (0x00000000f1da93e8) thrown at [C:\re\workspace\8-2-build-windows-amd64-cygwin\jdk8u45\3627\hotspot\src\share\vm\runtime\sharedRuntime.cpp, line 605]
Event: 2.683 Thread 0x0000000056b51800 Exception <a 'java/lang/ArrayIndexOutOfBoundsException'> (0x00000000f1daa620) thrown at [C:\re\workspace\8-2-build-windows-amd64-cygwin\jdk8u45\3627\hotspot\src\share\vm\runtime\sharedRuntime.cpp, line 605]
Event: 7.980 Thread 0x0000000001cbe000 Implicit null exception at 0x00000000028dd868 to 0x00000000028ddc89
Event: 12.902 Thread 0x0000000056b51800 Implicit null exception at 0x000000000322d090 to 0x000000000323271d
Event: 18.274 Thread 0x0000000056b50000 Implicit null exception at 0x000000000314822d to 0x00000000031483d1

Events (10 events):
Event: 33.832 Thread 0x0000000054c79000 flushing nmethod 0x00000000031f1610
Event: 33.833 Thread 0x0000000054c79000 flushing nmethod 0x000000000322a050
Event: 33.833 Thread 0x0000000054c79000 flushing nmethod 0x0000000003240550
Event: 33.833 Thread 0x0000000054c79000 flushing nmethod 0x0000000003246b90
Event: 33.833 Thread 0x0000000054c79000 flushing nmethod 0x000000000324e690
Event: 33.833 Thread 0x0000000054c79000 flushing nmethod 0x0000000003268dd0
Event: 33.833 Thread 0x0000000054c79000 flushing nmethod 0x000000000327c710
Event: 34.028 Executing VM operation: ParallelGCFailedAllocation
Event: 39.274 Executing VM operation: ParallelGCFailedAllocation done
Event: 39.607 Executing VM operation: ParallelGCFailedAllocation


Dynamic libraries:
0x000000013fd90000 - 0x000000013fdc7000 	C:\Program Files\Java\jdk1.8.0_45\bin\java.exe
0x00000000776f0000 - 0x000000007789b000 	C:\Windows\SYSTEM32\ntdll.dll
0x00000000775d0000 - 0x00000000776ef000 	C:\Windows\system32\kernel32.dll
0x000007fefd870000 - 0x000007fefd8db000 	C:\Windows\system32\KERNELBASE.dll
0x000007fefda20000 - 0x000007fefdafb000 	C:\Windows\system32\ADVAPI32.dll
0x000007feff960000 - 0x000007feff9ff000 	C:\Windows\system32\msvcrt.dll
0x000007feff690000 - 0x000007feff6af000 	C:\Windows\SYSTEM32\sechost.dll
0x000007feff2d0000 - 0x000007feff3fe000 	C:\Windows\system32\RPCRT4.dll
0x00000000774d0000 - 0x00000000775ca000 	C:\Windows\system32\USER32.dll
0x000007fefefc0000 - 0x000007feff027000 	C:\Windows\system32\GDI32.dll
0x000007feff8d0000 - 0x000007feff8de000 	C:\Windows\system32\LPK.dll
0x000007fefed10000 - 0x000007fefedda000 	C:\Windows\system32\USP10.dll
0x000007fefc130000 - 0x000007fefc324000 	C:\Windows\WinSxS\amd64_microsoft.windows.common-controls_6595b64144ccf1df_6.0.7600.16385_none_fa645303170382f6\COMCTL32.dll
0x000007feff750000 - 0x000007feff7c1000 	C:\Windows\system32\SHLWAPI.dll
0x000007feff930000 - 0x000007feff95e000 	C:\Windows\system32\IMM32.DLL
0x000007feff160000 - 0x000007feff269000 	C:\Windows\system32\MSCTF.dll
0x000000006b6b0000 - 0x000000006b782000 	C:\Program Files\Java\jdk1.8.0_45\jre\bin\msvcr100.dll
0x0000000072a70000 - 0x00000000732f3000 	C:\Program Files\Java\jdk1.8.0_45\jre\bin\server\jvm.dll
0x000007fef70f0000 - 0x000007fef70f9000 	C:\Windows\system32\WSOCK32.dll
0x000007feff280000 - 0x000007feff2cd000 	C:\Windows\system32\WS2_32.dll
0x000007feff270000 - 0x000007feff278000 	C:\Windows\system32\NSI.dll
0x000007fef91e0000 - 0x000007fef921b000 	C:\Windows\system32\WINMM.dll
0x000007fefc7c0000 - 0x000007fefc7cc000 	C:\Windows\system32\VERSION.dll
0x00000000778c0000 - 0x00000000778c7000 	C:\Windows\system32\PSAPI.DLL
0x0000000074e80000 - 0x0000000074e8f000 	C:\Program Files\Java\jdk1.8.0_45\jre\bin\verify.dll
0x0000000074e50000 - 0x0000000074e79000 	C:\Program Files\Java\jdk1.8.0_45\jre\bin\java.dll
0x0000000074840000 - 0x0000000074856000 	C:\Program Files\Java\jdk1.8.0_45\jre\bin\zip.dll
0x000007fefdba0000 - 0x000007fefe926000 	C:\Windows\system32\SHELL32.dll
0x000007feff480000 - 0x000007feff681000 	C:\Windows\system32\ole32.dll
0x000007fefd650000 - 0x000007fefd65f000 	C:\Windows\system32\profapi.dll
0x000007fef82f0000 - 0x000007fef8415000 	C:\Windows\system32\dbghelp.dll

VM Arguments:
jvm_args: -Djava.awt.headless=true -Xmx1024M -Dfile.encoding=windows-1252 -Duser.country=US -Duser.language=en -Duser.variant 
java_command: com.android.dx.command.Main --dex --num-threads=4 --multi-dex --main-dex-list D:\mehul\WorkspaceStudio\Bavaria\app\build\intermediates\multi-dex\debug\maindexlist.txt --output D:\mehul\WorkspaceStudio\Bavaria\app\build\intermediates\transforms\dex\debug\folders\1000\1f\main D:\mehul\WorkspaceStudio\Bavaria\app\build\intermediates\transforms\jarMerging\debug\jars\1\1f\combined.jar
java_class_path (initial): D:\sdk\sdk\build-tools\23.0.3\lib\dx.jar
Launcher Type: SUN_STANDARD

Environment Variables:
PATH=C:\ProgramData\Oracle\Java\javapath;C:\Program Files (x86)\Intel\iCLS Client\;C:\Program Files\Intel\iCLS Client\;C:\Windows\system32;C:\Windows;C:\Windows\System32\Wbem;C:\Windows\System32\WindowsPowerShell\v1.0\;C:\Program Files\Intel\Intel(R) Management Engine Components\DAL;C:\Program Files\Intel\Intel(R) Management Engine Components\IPT;C:\Program Files (x86)\Intel\Intel(R) Management Engine Components\DAL;C:\Program Files (x86)\Intel\Intel(R) Management Engine Components\IPT;C:\Program Files (x86)\Skype\Phone\;C:\Program Files\Java\jdk1.8.0_45\bin;D:\sdk\android-ndk-r11c;
USERNAME=archirayan1
OS=Windows_NT
PROCESSOR_IDENTIFIER=Intel64 Family 6 Model 58 Stepping 9, GenuineIntel



---------------  S Y S T E M  ---------------

OS: Windows 7 , 64 bit Build 7600 (6.1.7600.16385)

CPU:total 2 (2 cores per cpu, 1 threads per core) family 6 model 58 stepping 9, cmov, cx8, fxsr, mmx, sse, sse2, sse3, ssse3, sse4.1, sse4.2, popcnt, clmul, erms, tsc, tscinvbit, tscinv

Memory: 4k page, physical 8279584k(2702820k free), swap 16557272k(10802344k free)

vm_info: Java HotSpot(TM) 64-Bit Server VM (25.45-b02) for windows-amd64 JRE (1.8.0_45-b15), built on Apr 30 2015 12:40:44 by "java_re" with MS VC++ 10.0 (VS2010)

time: Tue Jul 12 14:58:00 2016
elapsed time: 40 seconds (0d 0h 0m 40s)

