#
# A fatal error has been detected by the Java Runtime Environment:
#
#  EXCEPTION_ACCESS_VIOLATION (0xc0000005) at pc=0x000000007420f67a, pid=408, tid=2096
#
# JRE version: Java(TM) SE Runtime Environment (8.0_45-b15) (build 1.8.0_45-b15)
# Java VM: Java HotSpot(TM) 64-Bit Server VM (25.45-b02 mixed mode windows-amd64 compressed oops)
# Problematic frame:
# V  [jvm.dll+0x3ef67a]
#
# Failed to write core dump. Minidumps are not enabled by default on client versions of Windows
#
# If you would like to submit a bug report, please visit:
#   http://bugreport.java.com/bugreport/crash.jsp
#

---------------  T H R E A D  ---------------

Current thread (0x0000000002106000):  GCTaskThread [stack: 0x00000000121d0000,0x00000000122d0000] [id=2096]

siginfo: ExceptionCode=0xc0000005, reading address 0x000000000000011d

Registers:
RAX=0x0000000000000015, RBX=0x0000000000000376, RCX=0x00000000c41ce318, RDX=0x00000000021cfbe0
RSP=0x00000000122cf8c0, RBP=0x0000000000035600, RSI=0x00000000021cfbe0, RDI=0x00000000c83f4e10
R8 =0x00000000c41dcc78, R9 =0x00000000c41ce318, R10=0x000000000000000c, R11=0x00000000744149c8
R12=0x0000000074464a88, R13=0x00000000021023d0, R14=0x00000000021065b0, R15=0x0000000000000000
RIP=0x000000007420f67a, EFLAGS=0x0000000000010206

Top of Stack: (sp=0x00000000122cf8c0)
0x00000000122cf8c0:   00000000550f1bf8 0000000000035600
0x00000000122cf8d0:   00000000021cfbe0 0000000074464a88
0x00000000122cf8e0:   000006da000002e7 000006db000002e7
0x00000000122cf8f0:   00000000c47112b8 00000000c83f4e10
0x00000000122cf900:   0000000000035600 0000000073f29402
0x00000000122cf910:   00000000c2488c18 00000000021cfbe0
0x00000000122cf920:   00000000c2488c18 00000000021023d0
0x00000000122cf930:   00000000021065c0 00000000021065b0
0x00000000122cf940:   0000000074464a88 0000000000000001
0x00000000122cf950:   000000005603fd30 0000000000000000
0x00000000122cf960:   00000000021cfbe0 000000007420d0af
0x00000000122cf970:   00000000c41dcc78 000006da000002e7
0x00000000122cf980:   000006db000002e7 0000025d0000002b
0x00000000122cf990:   00000000c9a83488 0000000000000200
0x00000000122cf9a0:   000000005603fd30 000000007420a33e
0x00000000122cf9b0:   0000000000000011 0000000002106000 

Instructions: (pc=0x000000007420f67a)
0x000000007420f65a:   00 74 28 8b 0d 45 11 3a 00 45 8b 48 08 48 8b d6
0x000000007420f66a:   49 d3 e1 4c 03 0d 2c 11 3a 00 49 8b c9 49 8b 01
0x000000007420f67a:   ff 90 08 01 00 00 e9 1b ff ff ff 4d 8b 48 08 48
0x000000007420f68a:   8b d6 49 8b 01 49 8b c9 ff 90 08 01 00 00 e9 03 


Register to memory mapping:

RAX=0x0000000000000015 is an unknown value
RBX=0x0000000000000376 is an unknown value
RCX=0x00000000c41ce318 is an oop
com.android.dx.rop.cst.CstString 
 - klass: 'com/android/dx/rop/cst/CstString'
RDX=0x00000000021cfbe0 is an unknown value
RSP=0x00000000122cf8c0 is an unknown value
RBP=0x0000000000035600 is an unknown value
RSI=0x00000000021cfbe0 is an unknown value
RDI=0x00000000c83f4e10 is an oop
[Ljava.util.HashMap$Node; 
 - klass: 'java/util/HashMap$Node'[]
 - length: 262144
R8 =0x00000000c41dcc78 is pointing into object: 0x00000000c41dcc70
com.android.dx.rop.code.RegisterSpec 
 - klass: 'com/android/dx/rop/code/RegisterSpec'
R9 =0x00000000c41ce318 is an oop
com.android.dx.rop.cst.CstString 
 - klass: 'com/android/dx/rop/cst/CstString'
R10=0x000000000000000c is an unknown value
R11=0x00000000744149c8 is an unknown value
R12=0x0000000074464a88 is an unknown value
R13=0x00000000021023d0 is an unknown value
R14=0x00000000021065b0 is an unknown value
R15=0x0000000000000000 is an unknown value


Stack: [0x00000000121d0000,0x00000000122d0000],  sp=0x00000000122cf8c0,  free space=1022k
Native frames: (J=compiled Java code, j=interpreted, Vv=VM code, C=native code)
V  [jvm.dll+0x3ef67a]
V  [jvm.dll+0x3ed0af]
V  [jvm.dll+0x3ea33e]
V  [jvm.dll+0x29853a]
C  [msvcr100.dll+0x21d9f]
C  [msvcr100.dll+0x21e3b]
C  [kernel32.dll+0x1f56d]
C  [ntdll.dll+0x33281]


---------------  P R O C E S S  ---------------

Java Threads: ( => current thread )
  0x00000000567d1000 JavaThread "pool-2-thread-4" [_thread_blocked, id=2592, stack(0x0000000057360000,0x0000000057460000)]
  0x00000000567d0000 JavaThread "pool-2-thread-3" [_thread_blocked, id=2520, stack(0x0000000057460000,0x0000000057560000)]
  0x00000000562e0000 JavaThread "pool-2-thread-2" [_thread_blocked, id=712, stack(0x0000000056f50000,0x0000000057050000)]
  0x00000000562df800 JavaThread "pool-3-thread-1" [_thread_blocked, id=3224, stack(0x0000000057240000,0x0000000057340000)]
  0x0000000056335000 JavaThread "pool-2-thread-1" [_thread_blocked, id=3216, stack(0x0000000057090000,0x0000000057190000)]
  0x0000000056010800 JavaThread "Service Thread" daemon [_thread_blocked, id=1044, stack(0x0000000056420000,0x0000000056520000)]
  0x0000000054ec5800 JavaThread "C1 CompilerThread1" daemon [_thread_blocked, id=1808, stack(0x0000000055f10000,0x0000000056010000)]
  0x0000000054e69000 JavaThread "C2 CompilerThread0" daemon [_thread_in_native, id=1812, stack(0x0000000055cd0000,0x0000000055dd0000)]
  0x0000000054e67000 JavaThread "Attach Listener" daemon [_thread_blocked, id=1864, stack(0x0000000055b70000,0x0000000055c70000)]
  0x0000000054e65800 JavaThread "Signal Dispatcher" daemon [_thread_blocked, id=1404, stack(0x0000000055770000,0x0000000055870000)]
  0x0000000054e0c000 JavaThread "Finalizer" daemon [_thread_blocked, id=3676, stack(0x0000000055a10000,0x0000000055b10000)]
  0x0000000054e05000 JavaThread "Reference Handler" daemon [_thread_blocked, id=3424, stack(0x00000000558e0000,0x00000000559e0000)]
  0x00000000022ae000 JavaThread "main" [_thread_blocked, id=1132, stack(0x0000000002340000,0x0000000002440000)]

Other Threads:
  0x0000000054dfd000 VMThread [stack: 0x0000000055650000,0x0000000055750000] [id=1668]
  0x0000000056012800 WatcherThread [stack: 0x0000000056630000,0x0000000056730000] [id=3804]

=>0x0000000002106000 (exited) GCTaskThread [stack: 0x00000000121d0000,0x00000000122d0000] [id=2096]

VM state:at safepoint (normal execution)

VM Mutex/Monitor currently owned by a thread:  ([mutex/lock_event])
[0x00000000022ac5b0] Threads_lock - owner thread: 0x0000000054dfd000
[0x00000000022acab0] Heap_lock - owner thread: 0x00000000567d0000

Heap:
 PSYoungGen      total 243200K, used 58688K [0x00000000eab00000, 0x0000000100000000, 0x0000000100000000)
  eden space 175104K, 0% used [0x00000000eab00000,0x00000000eab00000,0x00000000f5600000)
  from space 68096K, 86% used [0x00000000fbd80000,0x00000000ff6d0390,0x0000000100000000)
  to   space 87040K, 0% used [0x00000000f5600000,0x00000000f5600000,0x00000000fab00000)
 ParOldGen       total 176128K, used 175792K [0x00000000c0000000, 0x00000000cac00000, 0x00000000eab00000)
  object space 176128K, 99% used [0x00000000c0000000,0x00000000cabac270,0x00000000cac00000)
 Metaspace       used 6552K, capacity 7320K, committed 7680K, reserved 1056768K
  class space    used 615K, capacity 656K, committed 768K, reserved 1048576K

Card table byte_map: [0x0000000011ad0000,0x0000000011ce0000] byte_map_base: 0x00000000114d0000

Marking Bits: (ParMarkBitMap*) 0x0000000074624040
 Begin Bits: [0x00000000122d0000, 0x00000000132d0000)
 End Bits:   [0x00000000132d0000, 0x00000000142d0000)

Polling page: 0x0000000000230000

CodeCache: size=245760Kb used=10695Kb max_used=10695Kb free=235064Kb
 bounds [0x0000000002710000, 0x0000000003190000, 0x0000000011710000]
 total_blobs=2568 nmethods=2299 adapters=182
 compilation: enabled

Compilation events (10 events):
Event: 14.527 Thread 0x0000000054ec5800 2389  s    1       java.io.ByteArrayOutputStream::reset (6 bytes)
Event: 14.527 Thread 0x0000000054ec5800 nmethod 2389 0x0000000003182a90 code [0x0000000003182be0, 0x0000000003182e50]
Event: 14.527 Thread 0x0000000054ec5800 2390       1       java.util.zip.ZipEntry::getTime (5 bytes)
Event: 14.527 Thread 0x0000000054ec5800 nmethod 2390 0x0000000003182ed0 code [0x0000000003183020, 0x0000000003183130]
Event: 14.578 Thread 0x0000000054ec5800 2391       2       com.android.dx.cf.code.BytecodeArray::parseTableswitch (205 bytes)
Event: 14.578 Thread 0x0000000054ec5800 nmethod 2391 0x0000000003183190 code [0x00000000031833e0, 0x0000000003183c58]
Event: 14.606 Thread 0x0000000054ec5800 2392       2       com.android.dx.cf.code.BasicBlocker::visitSwitch (64 bytes)
Event: 14.607 Thread 0x0000000054ec5800 nmethod 2392 0x0000000003184750 code [0x0000000003184900, 0x0000000003184df8]
Event: 14.609 Thread 0x0000000054ec5800 2393       2       com.android.dx.dex.code.RopTranslator$TranslationVisitor::visitSwitchInsn (237 bytes)
Event: 14.610 Thread 0x0000000054ec5800 nmethod 2393 0x00000000031858d0 code [0x0000000003185b40, 0x0000000003186518]

GC Heap History (10 events):
Event: 10.020 GC heap after
Heap after GC invocations=11 (full 1):
 PSYoungGen      total 267264K, used 40695K [0x00000000eab00000, 0x0000000100000000, 0x0000000100000000)
  eden space 218112K, 0% used [0x00000000eab00000,0x00000000eab00000,0x00000000f8000000)
  from space 49152K, 82% used [0x00000000fd000000,0x00000000ff7bdf98,0x0000000100000000)
  to   space 65536K, 0% used [0x00000000f8000000,0x00000000f8000000,0x00000000fc000000)
 ParOldGen       total 167424K, used 86962K [0x00000000c0000000, 0x00000000ca380000, 0x00000000eab00000)
  object space 167424K, 51% used [0x00000000c0000000,0x00000000c54eca30,0x00000000ca380000)
 Metaspace       used 6524K, capacity 7320K, committed 7680K, reserved 1056768K
  class space    used 614K, capacity 656K, committed 768K, reserved 1048576K
}
Event: 11.236 GC heap before
{Heap before GC invocations=12 (full 1):
 PSYoungGen      total 267264K, used 258807K [0x00000000eab00000, 0x0000000100000000, 0x0000000100000000)
  eden space 218112K, 100% used [0x00000000eab00000,0x00000000f8000000,0x00000000f8000000)
  from space 49152K, 82% used [0x00000000fd000000,0x00000000ff7bdf98,0x0000000100000000)
  to   space 65536K, 0% used [0x00000000f8000000,0x00000000f8000000,0x00000000fc000000)
 ParOldGen       total 167424K, used 86962K [0x00000000c0000000, 0x00000000ca380000, 0x00000000eab00000)
  object space 167424K, 51% used [0x00000000c0000000,0x00000000c54eca30,0x00000000ca380000)
 Metaspace       used 6538K, capacity 7320K, committed 7680K, reserved 1056768K
  class space    used 614K, capacity 656K, committed 768K, reserved 1048576K
Event: 11.473 GC heap after
Heap after GC invocations=12 (full 1):
 PSYoungGen      total 283648K, used 30493K [0x00000000eab00000, 0x0000000100000000, 0x0000000100000000)
  eden space 218112K, 0% used [0x00000000eab00000,0x00000000eab00000,0x00000000f8000000)
  from space 65536K, 46% used [0x00000000f8000000,0x00000000f9dc7680,0x00000000fc000000)
  to   space 64000K, 0% used [0x00000000fc180000,0x00000000fc180000,0x0000000100000000)
 ParOldGen       total 167424K, used 127469K [0x00000000c0000000, 0x00000000ca380000, 0x00000000eab00000)
  object space 167424K, 76% used [0x00000000c0000000,0x00000000c7c7b6b8,0x00000000ca380000)
 Metaspace       used 6538K, capacity 7320K, committed 7680K, reserved 1056768K
  class space    used 614K, capacity 656K, committed 768K, reserved 1048576K
}
Event: 11.894 GC heap before
{Heap before GC invocations=13 (full 1):
 PSYoungGen      total 283648K, used 248605K [0x00000000eab00000, 0x0000000100000000, 0x0000000100000000)
  eden space 218112K, 100% used [0x00000000eab00000,0x00000000f8000000,0x00000000f8000000)
  from space 65536K, 46% used [0x00000000f8000000,0x00000000f9dc7680,0x00000000fc000000)
  to   space 64000K, 0% used [0x00000000fc180000,0x00000000fc180000,0x0000000100000000)
 ParOldGen       total 167424K, used 127469K [0x00000000c0000000, 0x00000000ca380000, 0x00000000eab00000)
  object space 167424K, 76% used [0x00000000c0000000,0x00000000c7c7b6b8,0x00000000ca380000)
 Metaspace       used 6542K, capacity 7320K, committed 7680K, reserved 1056768K
  class space    used 615K, capacity 656K, committed 768K, reserved 1048576K
Event: 11.989 GC heap after
Heap after GC invocations=13 (full 1):
 PSYoungGen      total 276992K, used 44758K [0x00000000eab00000, 0x0000000100000000, 0x0000000100000000)
  eden space 212992K, 0% used [0x00000000eab00000,0x00000000eab00000,0x00000000f7b00000)
  from space 64000K, 69% used [0x00000000fc180000,0x00000000fed35a08,0x0000000100000000)
  to   space 68096K, 0% used [0x00000000f7b00000,0x00000000f7b00000,0x00000000fbd80000)
 ParOldGen       total 167424K, used 127477K [0x00000000c0000000, 0x00000000ca380000, 0x00000000eab00000)
  object space 167424K, 76% used [0x00000000c0000000,0x00000000c7c7d6b8,0x00000000ca380000)
 Metaspace       used 6542K, capacity 7320K, committed 7680K, reserved 1056768K
  class space    used 615K, capacity 656K, committed 768K, reserved 1048576K
}
Event: 13.182 GC heap before
{Heap before GC invocations=14 (full 1):
 PSYoungGen      total 276992K, used 257750K [0x00000000eab00000, 0x0000000100000000, 0x0000000100000000)
  eden space 212992K, 100% used [0x00000000eab00000,0x00000000f7b00000,0x00000000f7b00000)
  from space 64000K, 69% used [0x00000000fc180000,0x00000000fed35a08,0x0000000100000000)
  to   space 68096K, 0% used [0x00000000f7b00000,0x00000000f7b00000,0x00000000fbd80000)
 ParOldGen       total 167424K, used 127477K [0x00000000c0000000, 0x00000000ca380000, 0x00000000eab00000)
  object space 167424K, 76% used [0x00000000c0000000,0x00000000c7c7d6b8,0x00000000ca380000)
 Metaspace       used 6544K, capacity 7320K, committed 7680K, reserved 1056768K
  class space    used 615K, capacity 656K, committed 768K, reserved 1048576K
Event: 13.360 GC heap after
Heap after GC invocations=14 (full 1):
 PSYoungGen      total 281088K, used 68089K [0x00000000eab00000, 0x0000000100000000, 0x0000000100000000)
  eden space 212992K, 0% used [0x00000000eab00000,0x00000000eab00000,0x00000000f7b00000)
  from space 68096K, 99% used [0x00000000f7b00000,0x00000000fbd7e638,0x00000000fbd80000)
  to   space 68096K, 0% used [0x00000000fbd80000,0x00000000fbd80000,0x0000000100000000)
 ParOldGen       total 167424K, used 133766K [0x00000000c0000000, 0x00000000ca380000, 0x00000000eab00000)
  object space 167424K, 79% used [0x00000000c0000000,0x00000000c82a1b00,0x00000000ca380000)
 Metaspace       used 6544K, capacity 7320K, committed 7680K, reserved 1056768K
  class space    used 615K, capacity 656K, committed 768K, reserved 1048576K
}
Event: 14.647 GC heap before
{Heap before GC invocations=15 (full 1):
 PSYoungGen      total 281088K, used 281081K [0x00000000eab00000, 0x0000000100000000, 0x0000000100000000)
  eden space 212992K, 100% used [0x00000000eab00000,0x00000000f7b00000,0x00000000f7b00000)
  from space 68096K, 99% used [0x00000000f7b00000,0x00000000fbd7e638,0x00000000fbd80000)
  to   space 68096K, 0% used [0x00000000fbd80000,0x00000000fbd80000,0x0000000100000000)
 ParOldGen       total 167424K, used 133766K [0x00000000c0000000, 0x00000000ca380000, 0x00000000eab00000)
  object space 167424K, 79% used [0x00000000c0000000,0x00000000c82a1b00,0x00000000ca380000)
 Metaspace       used 6552K, capacity 7320K, committed 7680K, reserved 1056768K
  class space    used 615K, capacity 656K, committed 768K, reserved 1048576K
Event: 14.872 GC heap after
Heap after GC invocations=15 (full 1):
 PSYoungGen      total 243200K, used 58688K [0x00000000eab00000, 0x0000000100000000, 0x0000000100000000)
  eden space 175104K, 0% used [0x00000000eab00000,0x00000000eab00000,0x00000000f5600000)
  from space 68096K, 86% used [0x00000000fbd80000,0x00000000ff6d0390,0x0000000100000000)
  to   space 87040K, 0% used [0x00000000f5600000,0x00000000f5600000,0x00000000fab00000)
 ParOldGen       total 176128K, used 175792K [0x00000000c0000000, 0x00000000cac00000, 0x00000000eab00000)
  object space 176128K, 99% used [0x00000000c0000000,0x00000000cabac270,0x00000000cac00000)
 Metaspace       used 6552K, capacity 7320K, committed 7680K, reserved 1056768K
  class space    used 615K, capacity 656K, committed 768K, reserved 1048576K
}
Event: 14.872 GC heap before
{Heap before GC invocations=16 (full 2):
 PSYoungGen      total 243200K, used 58688K [0x00000000eab00000, 0x0000000100000000, 0x0000000100000000)
  eden space 175104K, 0% used [0x00000000eab00000,0x00000000eab00000,0x00000000f5600000)
  from space 68096K, 86% used [0x00000000fbd80000,0x00000000ff6d0390,0x0000000100000000)
  to   space 87040K, 0% used [0x00000000f5600000,0x00000000f5600000,0x00000000fab00000)
 ParOldGen       total 176128K, used 175792K [0x00000000c0000000, 0x00000000cac00000, 0x00000000eab00000)
  object space 176128K, 99% used [0x00000000c0000000,0x00000000cabac270,0x00000000cac00000)
 Metaspace       used 6552K, capacity 7320K, committed 7680K, reserved 1056768K
  class space    used 615K, capacity 656K, committed 768K, reserved 1048576K

Deoptimization events (10 events):
Event: 6.817 Thread 0x0000000056335000 Uncommon trap: reason=unstable_if action=reinterpret pc=0x0000000002ff4f98 method=com.android.dx.rop.code.RegisterSpecSet.<init>(I)V @ 2
Event: 6.817 Thread 0x0000000056335000 Uncommon trap: reason=unstable_if action=reinterpret pc=0x0000000002d256e8 method=com.android.dx.rop.code.RegisterSpecSet.<init>(I)V @ 2
Event: 6.888 Thread 0x0000000056335000 Uncommon trap: reason=bimorphic action=maybe_recompile pc=0x0000000002f1a364 method=com.android.dx.cf.code.OneLocalsArray.set(ILcom/android/dx/rop/type/TypeBearer;)V @ 85
Event: 7.013 Thread 0x00000000562e0000 Uncommon trap: reason=bimorphic action=maybe_recompile pc=0x0000000002f1a364 method=com.android.dx.cf.code.OneLocalsArray.set(ILcom/android/dx/rop/type/TypeBearer;)V @ 85
Event: 7.017 Thread 0x00000000562e0000 Uncommon trap: reason=bimorphic action=maybe_recompile pc=0x0000000003021de8 method=com.android.dx.cf.code.BytecodeArray.parseInstruction(ILcom/android/dx/cf/code/BytecodeArray$Visitor;)I @ 2281
Event: 7.017 Thread 0x00000000562e0000 Uncommon trap: reason=bimorphic action=maybe_recompile pc=0x0000000003021de8 method=com.android.dx.cf.code.BytecodeArray.parseInstruction(ILcom/android/dx/cf/code/BytecodeArray$Visitor;)I @ 2281
Event: 7.045 Thread 0x00000000562e0000 Uncommon trap: reason=bimorphic action=maybe_recompile pc=0x0000000002f1a364 method=com.android.dx.cf.code.OneLocalsArray.set(ILcom/android/dx/rop/type/TypeBearer;)V @ 85
Event: 7.647 Thread 0x00000000562e0000 Uncommon trap: reason=unstable_if action=reinterpret pc=0x0000000002ec95dc method=com.android.dx.ssa.DeadCodeRemover.pruneDeadInstructions()V @ 49
Event: 11.842 Thread 0x00000000022ae000 Uncommon trap: reason=unstable_if action=reinterpret pc=0x000000000289f364 method=java.util.zip.ZipCoder.decoder()Ljava/nio/charset/CharsetDecoder; @ 4
Event: 11.842 Thread 0x00000000022ae000 Uncommon trap: reason=unstable_if action=reinterpret pc=0x00000000028a5bc8 method=java.util.zip.ZipEntry.setExtra0([BZ)V @ 1

Internal exceptions (10 events):
Event: 0.037 Thread 0x00000000022ae000 Exception <a 'java/lang/NoSuchMethodError': Method sun.misc.Unsafe.defineClass(Ljava/lang/String;[BII)Ljava/lang/Class; name or signature does not match> (0x00000000eab0d288) thrown at [C:\re\workspace\8-2-build-windows-amd64-cygwin\jdk8u45\3627\hotspot\srE9$E&£?
Event: 0.037 Thread 0x00000000022ae000 Exception <a 'java/lang/NoSuchMethodError': Method sun.misc.Unsafe.prefetchRead(Ljava/lang/Object;J)V name or signature does not match> (0x00000000eab0d518) thrown at [C:\re\workspace\8-2-build-windows-amd64-cygwin\jdk8u45\3627\hotspot\src\share\vm\prims\jD‡!sGªó?
Event: 1.229 Thread 0x00000000562e0000 Implicit null exception at 0x0000000002a67f92 to 0x0000000002a68091
Event: 2.885 Thread 0x00000000562e0000 Implicit null exception at 0x0000000002aac9f5 to 0x0000000002aad38d
Event: 3.098 Thread 0x00000000562e0000 Implicit null exception at 0x0000000002c24708 to 0x0000000002c24875
Event: 3.098 Thread 0x00000000562e0000 Implicit null exception at 0x0000000002cc039d to 0x0000000002cc17f5
Event: 4.676 Thread 0x00000000562e0000 Exception <a 'java/lang/ArrayIndexOutOfBoundsException': 18> (0x00000000ede1cb08) thrown at [C:\re\workspace\8-2-build-windows-amd64-cygwin\jdk8u45\3627\hotspot\src\share\vm\interpreter\interpreterRuntime.cpp, line 366]
Event: 4.676 Thread 0x00000000562e0000 Exception <a 'java/lang/ArrayIndexOutOfBoundsException'> (0x00000000ede1e5d8) thrown at [C:\re\workspace\8-2-build-windows-amd64-cygwin\jdk8u45\3627\hotspot\src\share\vm\runtime\sharedRuntime.cpp, line 605]
Event: 4.677 Thread 0x00000000562e0000 Exception <a 'java/lang/ArrayIndexOutOfBoundsException'> (0x00000000ede1f810) thrown at [C:\re\workspace\8-2-build-windows-amd64-cygwin\jdk8u45\3627\hotspot\src\share\vm\runtime\sharedRuntime.cpp, line 605]
Event: 11.842 Thread 0x00000000022ae000 Implicit null exception at 0x000000000289ef28 to 0x000000000289f349

Events (10 events):
Event: 13.360 Executing VM operation: ParallelGCFailedAllocation done
Event: 13.389 Thread 0x0000000056335000 DEOPT PACKING pc=0x0000000002b774e4 sp=0x000000005718eb10
Event: 13.389 Thread 0x0000000056335000 DEOPT UNPACKING pc=0x000000000275747f sp=0x000000005718e828 mode 0
Event: 14.080 Thread 0x0000000056335000 DEOPT PACKING pc=0x0000000002b774e4 sp=0x000000005718eb10
Event: 14.080 Thread 0x0000000056335000 DEOPT UNPACKING pc=0x000000000275747f sp=0x000000005718e828 mode 0
Event: 14.447 Thread 0x00000000562e0000 DEOPT PACKING pc=0x0000000002b774e4 sp=0x000000005704ed50
Event: 14.447 Thread 0x00000000562e0000 DEOPT UNPACKING pc=0x000000000275747f sp=0x000000005704ea68 mode 0
Event: 14.520 Thread 0x00000000562e0000 DEOPT PACKING pc=0x0000000002ecf7c8 sp=0x000000005704f040
Event: 14.520 Thread 0x00000000562e0000 DEOPT UNPACKING pc=0x000000000275747f sp=0x000000005704ee38 mode 0
Event: 14.647 Executing VM operation: ParallelGCFailedAllocation


Dynamic libraries:
0x000000013f4e0000 - 0x000000013f517000 	C:\Program Files\Java\jdk1.8.0_45\bin\java.exe
0x0000000077410000 - 0x00000000775bb000 	C:\Windows\SYSTEM32\ntdll.dll
0x00000000772f0000 - 0x000000007740f000 	C:\Windows\system32\kernel32.dll
0x000007fefd690000 - 0x000007fefd6fb000 	C:\Windows\system32\KERNELBASE.dll
0x000007fefdcf0000 - 0x000007fefddcb000 	C:\Windows\system32\ADVAPI32.dll
0x000007fefe360000 - 0x000007fefe3ff000 	C:\Windows\system32\msvcrt.dll
0x000007fefe070000 - 0x000007fefe08f000 	C:\Windows\SYSTEM32\sechost.dll
0x000007fefe090000 - 0x000007fefe1be000 	C:\Windows\system32\RPCRT4.dll
0x00000000771f0000 - 0x00000000772ea000 	C:\Windows\system32\USER32.dll
0x000007fefe1c0000 - 0x000007fefe227000 	C:\Windows\system32\GDI32.dll
0x000007fefd740000 - 0x000007fefd74e000 	C:\Windows\system32\LPK.dll
0x000007fefd7f0000 - 0x000007fefd8ba000 	C:\Windows\system32\USP10.dll
0x000007fefbd50000 - 0x000007fefbf44000 	C:\Windows\WinSxS\amd64_microsoft.windows.common-controls_6595b64144ccf1df_6.0.7600.16385_none_fa645303170382f6\COMCTL32.dll
0x000007fefe400000 - 0x000007fefe471000 	C:\Windows\system32\SHLWAPI.dll
0x000007fefe040000 - 0x000007fefe06e000 	C:\Windows\system32\IMM32.DLL
0x000007fefd980000 - 0x000007fefda89000 	C:\Windows\system32\MSCTF.dll
0x000000006d9b0000 - 0x000000006da82000 	C:\Program Files\Java\jdk1.8.0_45\jre\bin\msvcr100.dll
0x0000000073e20000 - 0x00000000746a3000 	C:\Program Files\Java\jdk1.8.0_45\jre\bin\server\jvm.dll
0x000007fef99c0000 - 0x000007fef99c9000 	C:\Windows\system32\WSOCK32.dll
0x000007fefe480000 - 0x000007fefe4cd000 	C:\Windows\system32\WS2_32.dll
0x000007fefddd0000 - 0x000007fefddd8000 	C:\Windows\system32\NSI.dll
0x000007fef90e0000 - 0x000007fef911b000 	C:\Windows\system32\WINMM.dll
0x000007fefc4e0000 - 0x000007fefc4ec000 	C:\Windows\system32\VERSION.dll
0x00000000775e0000 - 0x00000000775e7000 	C:\Windows\system32\PSAPI.DLL
0x0000000073e10000 - 0x0000000073e1f000 	C:\Program Files\Java\jdk1.8.0_45\jre\bin\verify.dll
0x0000000073de0000 - 0x0000000073e09000 	C:\Program Files\Java\jdk1.8.0_45\jre\bin\java.dll
0x0000000073220000 - 0x0000000073236000 	C:\Program Files\Java\jdk1.8.0_45\jre\bin\zip.dll
0x000007fefe730000 - 0x000007feff4b6000 	C:\Windows\system32\SHELL32.dll
0x000007fefe4d0000 - 0x000007fefe6d1000 	C:\Windows\system32\ole32.dll
0x000007fefd370000 - 0x000007fefd37f000 	C:\Windows\system32\profapi.dll
0x000007fef7860000 - 0x000007fef7985000 	C:\Windows\system32\dbghelp.dll

VM Arguments:
jvm_args: -Djava.awt.headless=true -Xmx1024M -Dfile.encoding=windows-1252 -Duser.country=US -Duser.language=en -Duser.variant 
java_command: com.android.dx.command.Main --dex --num-threads=4 --multi-dex --main-dex-list D:\mehul\WorkspaceStudio\Bavaria\app\build\intermediates\multi-dex\debug\maindexlist.txt --output D:\mehul\WorkspaceStudio\Bavaria\app\build\intermediates\transforms\dex\debug\folders\1000\1f\main D:\mehul\WorkspaceStudio\Bavaria\app\build\intermediates\transforms\jarMerging\debug\jars\1\1f\combined.jar
java_class_path (initial): D:\sdk\sdk\build-tools\23.0.3\lib\dx.jar
Launcher Type: SUN_STANDARD

Environment Variables:
PATH=C:\ProgramData\Oracle\Java\javapath;C:\Program Files (x86)\Intel\iCLS Client\;C:\Program Files\Intel\iCLS Client\;C:\Windows\system32;C:\Windows;C:\Windows\System32\Wbem;C:\Windows\System32\WindowsPowerShell\v1.0\;C:\Program Files\Intel\Intel(R) Management Engine Components\DAL;C:\Program Files\Intel\Intel(R) Management Engine Components\IPT;C:\Program Files (x86)\Intel\Intel(R) Management Engine Components\DAL;C:\Program Files (x86)\Intel\Intel(R) Management Engine Components\IPT;C:\Program Files (x86)\Skype\Phone\;C:\Program Files\Java\jdk1.8.0_45\bin;D:\sdk\android-ndk-r11c;
USERNAME=archirayan1
OS=Windows_NT
PROCESSOR_IDENTIFIER=Intel64 Family 6 Model 58 Stepping 9, GenuineIntel



---------------  S Y S T E M  ---------------

OS: Windows 7 , 64 bit Build 7600 (6.1.7600.16385)

CPU:total 2 (2 cores per cpu, 1 threads per core) family 6 model 58 stepping 9, cmov, cx8, fxsr, mmx, sse, sse2, sse3, ssse3, sse4.1, sse4.2, popcnt, clmul, erms, tsc, tscinvbit, tscinv

Memory: 4k page, physical 8279584k(4853780k free), swap 16557272k(12966996k free)

vm_info: Java HotSpot(TM) 64-Bit Server VM (25.45-b02) for windows-amd64 JRE (1.8.0_45-b15), built on Apr 30 2015 12:40:44 by "java_re" with MS VC++ 10.0 (VS2010)

time: Tue Jul 12 15:03:45 2016
elapsed time: 15 seconds (0d 0h 0m 15s)

