#
# A fatal error has been detected by the Java Runtime Environment:
#
#  EXCEPTION_ACCESS_VIOLATION (0xc0000005) at pc=0x00000000033e6cd0, pid=4032, tid=1704
#
# JRE version: Java(TM) SE Runtime Environment (8.0_45-b15) (build 1.8.0_45-b15)
# Java VM: Java HotSpot(TM) 64-Bit Server VM (25.45-b02 mixed mode windows-amd64 compressed oops)
# Problematic frame:
# J 3445 C1 com.android.dx.dex.code.OutputFinisher.assignIndices(Lcom/android/dx/dex/code/DalvCode$AssignIndicesCallback;)V (46 bytes) @ 0x00000000033e6cd0 [0x00000000033e6960+0x370]
#
# Failed to write core dump. Minidumps are not enabled by default on client versions of Windows
#
# If you would like to submit a bug report, please visit:
#   http://bugreport.java.com/bugreport/crash.jsp
#

---------------  T H R E A D  ---------------

Current thread (0x000000005796a000):  JavaThread "pool-1-thread-1" [_thread_in_Java, id=1704, stack(0x0000000058540000,0x0000000058640000)]

siginfo: ExceptionCode=0xc0000005, reading address 0x0000000000000031

Registers:
RAX=0x00000000c0e55370, RBX=0x0000000014572f78, RCX=0x000000000000004c, RDX=0x00000000ec2c89f8
RSP=0x000000005863ec50, RBP=0x00000000000a6594, RSI=0x0000000000000001, RDI=0x000000001456c280
R8 =0x0000000000000381, R9 =0x00000000c0e46700, R10=0x00000000c0e55370, R11=0x0000000000000382
R12=0x0000000000000000, R13=0x00000000c49005d8, R14=0x000000005863eeb0, R15=0x000000005796a000
RIP=0x00000000033e6cd0, EFLAGS=0x0000000000010202

Top of Stack: (sp=0x000000005863ec50)
0x000000005863ec50:   00000000c0e0be90 00000000ec2adec8
0x000000005863ec60:   0000000000000001 00000000ec295958
0x000000005863ec70:   00000000000a61c0 0000000003416f1c
0x000000005863ec80:   00000000ec2952a8 0000000014556b08
0x000000005863ec90:   0000000000000001 0000249000000001
0x000000005863eca0:   00000000000a61c0 00000000033ce024
0x000000005863ecb0:   0000000000000004 000000005863ece0
0x000000005863ecc0:   00000000c0e0be68 00000000ec2c89e0
0x000000005863ecd0:   00000000ec2c89f8 0000000014556b08
0x000000005863ece0:   00000000000a6594 0000000003410ca4
0x000000005863ecf0:   ffffffffffffffff 0000000054973610
0x000000005863ed00:   000000005796a000 00000000548fd6f8
0x000000005863ed10:   000000005796a000 000000005863ee38
0x000000005863ed20:   00000000026eeb6b 00000000026d56d0
0x000000005863ed30:   0000000000000000 000000005863ee78
0x000000005863ed40:   000000005863ee38 0000000000000000 

Instructions: (pc=0x00000000033e6cd0)
0x00000000033e6cb0:   00 00 00 00 81 8e b0 01 00 00 00 01 00 00 e9 b9
0x00000000033e6cc0:   00 00 00 48 bf 80 c2 56 14 00 00 00 00 8b 70 08
0x00000000033e6cd0:   48 3b 7e 30 0f 85 86 00 00 00 48 be c0 d2 b8 54
0x00000000033e6ce0:   00 00 00 00 8b 78 08 48 3b be c0 01 00 00 75 0d 


Register to memory mapping:

RAX=0x00000000c0e55370 is pointing into object: 0x00000000c0e55358
com.android.dx.dex.code.CodeAddress 
 - klass: 'com/android/dx/dex/code/CodeAddress'
RBX=0x0000000014572f78 is pointing into metadata
RCX=0x000000000000004c is an unknown value
RDX=0x00000000ec2c89f8 is an oop
java.util.ArrayList$Itr 
 - klass: 'java/util/ArrayList$Itr'
RSP=0x000000005863ec50 is pointing into the stack for thread: 0x000000005796a000
RBP=0x00000000000a6594 is an unknown value
RSI=0x0000000000000001 is an unknown value
RDI=0x000000001456c280 is pointing into metadata
R8 =0x0000000000000381 is an unknown value
R9 =0x00000000c0e46700 is an oop
[Ljava.lang.Object; 
 - klass: 'java/lang/Object'[]
 - length: 1617
R10=0x00000000c0e55370 is pointing into object: 0x00000000c0e55358
com.android.dx.dex.code.CodeAddress 
 - klass: 'com/android/dx/dex/code/CodeAddress'
R11=0x0000000000000382 is an unknown value
R12=0x0000000000000000 is an unknown value
R13=0x00000000c49005d8 is an oop
com.android.dx.rop.cst.CstFieldRef 
 - klass: 'com/android/dx/rop/cst/CstFieldRef'
R14=0x000000005863eeb0 is pointing into the stack for thread: 0x000000005796a000
R15=0x000000005796a000 is a thread


Stack: [0x0000000058540000,0x0000000058640000],  sp=0x000000005863ec50,  free space=1019k
Native frames: (J=compiled Java code, j=interpreted, Vv=VM code, C=native code)
C  0x00000000033e6cd0


---------------  P R O C E S S  ---------------

Java Threads: ( => current thread )
=>0x000000005796a000 JavaThread "pool-1-thread-1" [_thread_in_Java, id=1704, stack(0x0000000058540000,0x0000000058640000)]
  0x00000000562d9000 JavaThread "pool-2-thread-4" [_thread_blocked, id=3424, stack(0x0000000057470000,0x0000000057570000)]
  0x00000000562d8000 JavaThread "pool-2-thread-3" [_thread_blocked, id=2080, stack(0x00000000571e0000,0x00000000572e0000)]
  0x00000000562d7800 JavaThread "pool-2-thread-2" [_thread_blocked, id=1096, stack(0x0000000057320000,0x0000000057420000)]
  0x0000000056647800 JavaThread "pool-3-thread-1" [_thread_blocked, id=3264, stack(0x00000000570a0000,0x00000000571a0000)]
  0x0000000056646800 JavaThread "pool-2-thread-1" [_thread_blocked, id=1708, stack(0x0000000056ef0000,0x0000000056ff0000)]
  0x0000000054ede800 JavaThread "Service Thread" daemon [_thread_blocked, id=3724, stack(0x0000000056500000,0x0000000056600000)]
  0x0000000054e83800 JavaThread "C1 CompilerThread1" daemon [_thread_blocked, id=1264, stack(0x0000000055e60000,0x0000000055f60000)]
  0x0000000054e79000 JavaThread "C2 CompilerThread0" daemon [_thread_in_native, id=3652, stack(0x0000000055c60000,0x0000000055d60000)]
  0x0000000054e77000 JavaThread "Attach Listener" daemon [_thread_blocked, id=2660, stack(0x0000000055d60000,0x0000000055e60000)]
  0x0000000054e75800 JavaThread "Signal Dispatcher" daemon [_thread_blocked, id=568, stack(0x0000000055770000,0x0000000055870000)]
  0x0000000054e16000 JavaThread "Finalizer" daemon [_thread_blocked, id=2024, stack(0x0000000055aa0000,0x0000000055ba0000)]
  0x0000000054e15000 JavaThread "Reference Handler" daemon [_thread_blocked, id=388, stack(0x0000000055930000,0x0000000055a30000)]
  0x000000000214e000 JavaThread "main" [_thread_in_Java, id=2036, stack(0x0000000002300000,0x0000000002400000)]

Other Threads:
  0x0000000054e0d000 VMThread [stack: 0x0000000055670000,0x0000000055770000] [id=688]
  0x0000000055f82800 WatcherThread [stack: 0x0000000056400000,0x0000000056500000] [id=2076]

VM state:not at safepoint (normal execution)

VM Mutex/Monitor currently owned by a thread: None

Heap:
 PSYoungGen      total 232960K, used 24389K [0x00000000eab00000, 0x0000000100000000, 0x0000000100000000)
  eden space 116736K, 20% used [0x00000000eab00000,0x00000000ec2d1530,0x00000000f1d00000)
  from space 116224K, 0% used [0x00000000f1d00000,0x00000000f1d00000,0x00000000f8e80000)
  to   space 116224K, 0% used [0x00000000f8e80000,0x00000000f8e80000,0x0000000100000000)
 ParOldGen       total 699392K, used 699221K [0x00000000c0000000, 0x00000000eab00000, 0x00000000eab00000)
  object space 699392K, 99% used [0x00000000c0000000,0x00000000eaad54f0,0x00000000eab00000)
 Metaspace       used 6956K, capacity 7608K, committed 7936K, reserved 1056768K
  class space    used 637K, capacity 688K, committed 768K, reserved 1048576K

Card table byte_map: [0x0000000011a90000,0x0000000011ca0000] byte_map_base: 0x0000000011490000

Marking Bits: (ParMarkBitMap*) 0x0000000074624040
 Begin Bits: [0x00000000122e0000, 0x00000000132e0000)
 End Bits:   [0x00000000132e0000, 0x00000000142e0000)

Polling page: 0x0000000000430000

CodeCache: size=245760Kb used=13899Kb max_used=13911Kb free=231860Kb
 bounds [0x00000000026d0000, 0x0000000003480000, 0x00000000116d0000]
 total_blobs=3230 nmethods=2961 adapters=182
 compilation: enabled

Compilation events (10 events):
Event: 66.315 Thread 0x0000000054e83800 3577       2       com.android.dx.dex.code.form.Form20t::isCompatible (41 bytes)
Event: 66.316 Thread 0x0000000054e83800 nmethod 3577 0x0000000003465c90 code [0x0000000003465e20, 0x0000000003466218]
Event: 66.316 Thread 0x0000000054e83800 3578       2       com.android.dx.dex.code.TargetInsn::withOpcode (21 bytes)
Event: 66.316 Thread 0x0000000054e83800 nmethod 3578 0x00000000034656d0 code [0x0000000003465840, 0x0000000003465af8]
Event: 71.362 Thread 0x0000000054e83800 3580       2       com.android.dx.dex.code.SwitchData::codeSize (27 bytes)
Event: 71.362 Thread 0x0000000054e83800 nmethod 3580 0x00000000034652d0 code [0x0000000003465440, 0x0000000003465608]
Event: 71.374 Thread 0x0000000054e83800 3582       2       java.util.ComparableTimSort::mergeAt (356 bytes)
Event: 71.374 Thread 0x0000000054e83800 nmethod 3582 0x0000000003464810 code [0x00000000034649c0, 0x0000000003464e58]
Event: 71.374 Thread 0x0000000054e83800 3583       2       java.util.ComparableTimSort::ensureCapacity (91 bytes)
Event: 71.374 Thread 0x0000000054e83800 nmethod 3583 0x00000000027edc50 code [0x00000000027edda0, 0x00000000027edff0]

GC Heap History (10 events):
Event: 51.834 GC heap before
{Heap before GC invocations=54 (full 15):
 PSYoungGen      total 232960K, used 116736K [0x00000000eab00000, 0x0000000100000000, 0x0000000100000000)
  eden space 116736K, 100% used [0x00000000eab00000,0x00000000f1d00000,0x00000000f1d00000)
  from space 116224K, 0% used [0x00000000f1d00000,0x00000000f1d00000,0x00000000f8e80000)
  to   space 116224K, 0% used [0x00000000f8e80000,0x00000000f8e80000,0x0000000100000000)
 ParOldGen       total 699392K, used 699345K [0x00000000c0000000, 0x00000000eab00000, 0x00000000eab00000)
  object space 699392K, 99% used [0x00000000c0000000,0x00000000eaaf46f0,0x00000000eab00000)
 Metaspace       used 6587K, capacity 7320K, committed 7680K, reserved 1056768K
  class space    used 618K, capacity 656K, committed 768K, reserved 1048576K
Event: 53.970 GC heap after
Heap after GC invocations=54 (full 15):
 PSYoungGen      total 232960K, used 30040K [0x00000000eab00000, 0x0000000100000000, 0x0000000100000000)
  eden space 116736K, 25% used [0x00000000eab00000,0x00000000ec856110,0x00000000f1d00000)
  from space 116224K, 0% used [0x00000000f1d00000,0x00000000f1d00000,0x00000000f8e80000)
  to   space 116224K, 0% used [0x00000000f8e80000,0x00000000f8e80000,0x0000000100000000)
 ParOldGen       total 699392K, used 699106K [0x00000000c0000000, 0x00000000eab00000, 0x00000000eab00000)
  object space 699392K, 99% used [0x00000000c0000000,0x00000000eaab8808,0x00000000eab00000)
 Metaspace       used 6587K, capacity 7320K, committed 7680K, reserved 1056768K
  class space    used 618K, capacity 656K, committed 768K, reserved 1048576K
}
Event: 54.151 GC heap before
{Heap before GC invocations=55 (full 16):
 PSYoungGen      total 232960K, used 116736K [0x00000000eab00000, 0x0000000100000000, 0x0000000100000000)
  eden space 116736K, 100% used [0x00000000eab00000,0x00000000f1d00000,0x00000000f1d00000)
  from space 116224K, 0% used [0x00000000f1d00000,0x00000000f1d00000,0x00000000f8e80000)
  to   space 116224K, 0% used [0x00000000f8e80000,0x00000000f8e80000,0x0000000100000000)
 ParOldGen       total 699392K, used 699106K [0x00000000c0000000, 0x00000000eab00000, 0x00000000eab00000)
  object space 699392K, 99% used [0x00000000c0000000,0x00000000eaab8808,0x00000000eab00000)
 Metaspace       used 6587K, capacity 7320K, committed 7680K, reserved 1056768K
  class space    used 618K, capacity 656K, committed 768K, reserved 1048576K
Event: 56.738 GC heap after
Heap after GC invocations=55 (full 16):
 PSYoungGen      total 232960K, used 41003K [0x00000000eab00000, 0x0000000100000000, 0x0000000100000000)
  eden space 116736K, 35% used [0x00000000eab00000,0x00000000ed30ad78,0x00000000f1d00000)
  from space 116224K, 0% used [0x00000000f1d00000,0x00000000f1d00000,0x00000000f8e80000)
  to   space 116224K, 0% used [0x00000000f8e80000,0x00000000f8e80000,0x0000000100000000)
 ParOldGen       total 699392K, used 699104K [0x00000000c0000000, 0x00000000eab00000, 0x00000000eab00000)
  object space 699392K, 99% used [0x00000000c0000000,0x00000000eaab8168,0x00000000eab00000)
 Metaspace       used 6587K, capacity 7320K, committed 7680K, reserved 1056768K
  class space    used 618K, capacity 656K, committed 768K, reserved 1048576K
}
Event: 56.849 GC heap before
{Heap before GC invocations=56 (full 17):
 PSYoungGen      total 232960K, used 116736K [0x00000000eab00000, 0x0000000100000000, 0x0000000100000000)
  eden space 116736K, 100% used [0x00000000eab00000,0x00000000f1d00000,0x00000000f1d00000)
  from space 116224K, 0% used [0x00000000f1d00000,0x00000000f1d00000,0x00000000f8e80000)
  to   space 116224K, 0% used [0x00000000f8e80000,0x00000000f8e80000,0x0000000100000000)
 ParOldGen       total 699392K, used 699104K [0x00000000c0000000, 0x00000000eab00000, 0x00000000eab00000)
  object space 699392K, 99% used [0x00000000c0000000,0x00000000eaab8168,0x00000000eab00000)
 Metaspace       used 6587K, capacity 7320K, committed 7680K, reserved 1056768K
  class space    used 618K, capacity 656K, committed 768K, reserved 1048576K
Event: 58.986 GC heap after
Heap after GC invocations=56 (full 17):
 PSYoungGen      total 232960K, used 52526K [0x00000000eab00000, 0x0000000100000000, 0x0000000100000000)
  eden space 116736K, 44% used [0x00000000eab00000,0x00000000ede4b858,0x00000000f1d00000)
  from space 116224K, 0% used [0x00000000f1d00000,0x00000000f1d00000,0x00000000f8e80000)
  to   space 116224K, 0% used [0x00000000f8e80000,0x00000000f8e80000,0x0000000100000000)
 ParOldGen       total 699392K, used 699103K [0x00000000c0000000, 0x00000000eab00000, 0x00000000eab00000)
  object space 699392K, 99% used [0x00000000c0000000,0x00000000eaab7e08,0x00000000eab00000)
 Metaspace       used 6587K, capacity 7320K, committed 7680K, reserved 1056768K
  class space    used 618K, capacity 656K, committed 768K, reserved 1048576K
}
Event: 59.539 GC heap before
{Heap before GC invocations=57 (full 18):
 PSYoungGen      total 232960K, used 116736K [0x00000000eab00000, 0x0000000100000000, 0x0000000100000000)
  eden space 116736K, 100% used [0x00000000eab00000,0x00000000f1d00000,0x00000000f1d00000)
  from space 116224K, 0% used [0x00000000f1d00000,0x00000000f1d00000,0x00000000f8e80000)
  to   space 116224K, 0% used [0x00000000f8e80000,0x00000000f8e80000,0x0000000100000000)
 ParOldGen       total 699392K, used 699103K [0x00000000c0000000, 0x00000000eab00000, 0x00000000eab00000)
  object space 699392K, 99% used [0x00000000c0000000,0x00000000eaab7e08,0x00000000eab00000)
 Metaspace       used 6693K, capacity 7384K, committed 7680K, reserved 1056768K
  class space    used 624K, capacity 656K, committed 768K, reserved 1048576K
Event: 65.259 GC heap after
Heap after GC invocations=57 (full 18):
 PSYoungGen      total 232960K, used 53380K [0x00000000eab00000, 0x0000000100000000, 0x0000000100000000)
  eden space 116736K, 45% used [0x00000000eab00000,0x00000000edf21390,0x00000000f1d00000)
  from space 116224K, 0% used [0x00000000f1d00000,0x00000000f1d00000,0x00000000f8e80000)
  to   space 116224K, 0% used [0x00000000f8e80000,0x00000000f8e80000,0x0000000100000000)
 ParOldGen       total 699392K, used 699336K [0x00000000c0000000, 0x00000000eab00000, 0x00000000eab00000)
  object space 699392K, 99% used [0x00000000c0000000,0x00000000eaaf2350,0x00000000eab00000)
 Metaspace       used 6693K, capacity 7384K, committed 7680K, reserved 1056768K
  class space    used 624K, capacity 656K, committed 768K, reserved 1048576K
}
Event: 66.332 GC heap before
{Heap before GC invocations=58 (full 19):
 PSYoungGen      total 232960K, used 116736K [0x00000000eab00000, 0x0000000100000000, 0x0000000100000000)
  eden space 116736K, 100% used [0x00000000eab00000,0x00000000f1d00000,0x00000000f1d00000)
  from space 116224K, 0% used [0x00000000f1d00000,0x00000000f1d00000,0x00000000f8e80000)
  to   space 116224K, 0% used [0x00000000f8e80000,0x00000000f8e80000,0x0000000100000000)
 ParOldGen       total 699392K, used 699336K [0x00000000c0000000, 0x00000000eab00000, 0x00000000eab00000)
  object space 699392K, 99% used [0x00000000c0000000,0x00000000eaaf2350,0x00000000eab00000)
 Metaspace       used 6956K, capacity 7608K, committed 7936K, reserved 1056768K
  class space    used 637K, capacity 688K, committed 768K, reserved 1048576K
Event: 71.353 GC heap after
Heap after GC invocations=58 (full 19):
 PSYoungGen      total 232960K, used 21429K [0x00000000eab00000, 0x0000000100000000, 0x0000000100000000)
  eden space 116736K, 18% used [0x00000000eab00000,0x00000000ebfed658,0x00000000f1d00000)
  from space 116224K, 0% used [0x00000000f1d00000,0x00000000f1d00000,0x00000000f8e80000)
  to   space 116224K, 0% used [0x00000000f8e80000,0x00000000f8e80000,0x0000000100000000)
 ParOldGen       total 699392K, used 699221K [0x00000000c0000000, 0x00000000eab00000, 0x00000000eab00000)
  object space 699392K, 99% used [0x00000000c0000000,0x00000000eaad54f0,0x00000000eab00000)
 Metaspace       used 6956K, capacity 7608K, committed 7936K, reserved 1056768K
  class space    used 637K, capacity 688K, committed 768K, reserved 1048576K
}

Deoptimization events (10 events):
Event: 66.039 Thread 0x000000005796a000 Uncommon trap: reason=unstable_if action=reinterpret pc=0x00000000033d4114 method=com.android.dx.rop.code.RegisterSpec.matchesVariable(Lcom/android/dx/rop/code/RegisterSpec;)Z @ 59
Event: 66.064 Thread 0x000000005796a000 Uncommon trap: reason=array_check action=maybe_recompile pc=0x000000000343f204 method=java.util.ComparableTimSort.binarySort([Ljava/lang/Object;III)V @ 193
Event: 66.075 Thread 0x000000005796a000 Uncommon trap: reason=array_check action=maybe_recompile pc=0x000000000343f204 method=java.util.ComparableTimSort.binarySort([Ljava/lang/Object;III)V @ 193
Event: 66.079 Thread 0x000000005796a000 Uncommon trap: reason=array_check action=maybe_recompile pc=0x000000000343f204 method=java.util.ComparableTimSort.binarySort([Ljava/lang/Object;III)V @ 193
Event: 66.090 Thread 0x000000005796a000 Uncommon trap: reason=array_check action=maybe_recompile pc=0x000000000343f204 method=java.util.ComparableTimSort.binarySort([Ljava/lang/Object;III)V @ 193
Event: 66.097 Thread 0x000000005796a000 Uncommon trap: reason=array_check action=maybe_recompile pc=0x00000000034385d8 method=java.util.ComparableTimSort.binarySort([Ljava/lang/Object;III)V @ 183
Event: 66.105 Thread 0x000000005796a000 Uncommon trap: reason=array_check action=maybe_recompile pc=0x0000000003438510 method=java.util.ComparableTimSort.binarySort([Ljava/lang/Object;III)V @ 193
Event: 66.200 Thread 0x000000005796a000 Uncommon trap: reason=unstable_if action=reinterpret pc=0x0000000003458a0c method=com.android.dx.dex.code.LocalList$MakeState.endLocal(ILcom/android/dx/rop/code/RegisterSpec;Lcom/android/dx/dex/code/LocalList$Disposition;)V @ 39
Event: 66.296 Thread 0x000000005796a000 Uncommon trap: reason=array_check action=maybe_recompile pc=0x000000000346b2e0 method=java.util.ComparableTimSort.binarySort([Ljava/lang/Object;III)V @ 215
Event: 66.297 Thread 0x000000005796a000 Uncommon trap: reason=array_check action=maybe_recompile pc=0x000000000346b2e0 method=java.util.ComparableTimSort.binarySort([Ljava/lang/Object;III)V @ 215

Internal exceptions (9 events):
Event: 0.033 Thread 0x000000000214e000 Exception <a 'java/lang/NoSuchMethodError': Method sun.misc.Unsafe.defineClass(Ljava/lang/String;[BII)Ljava/lang/Class; name or signature does not match> (0x00000000eab0d5a8) thrown at [C:\re\workspace\8-2-build-windows-amd64-cygwin\jdk8u45\3627\hotspot\srS|© ı†?
Event: 0.033 Thread 0x000000000214e000 Exception <a 'java/lang/NoSuchMethodError': Method sun.misc.Unsafe.prefetchRead(Ljava/lang/Object;J)V name or signature does not match> (0x00000000eab0d838) thrown at [C:\re\workspace\8-2-build-windows-amd64-cygwin\jdk8u45\3627\hotspot\src\share\vm\prims\j–8”m—ãË?
Event: 0.767 Thread 0x00000000562d8000 Implicit null exception at 0x0000000002ab6ffd to 0x0000000002ab8465
Event: 1.524 Thread 0x00000000562d8000 Implicit null exception at 0x0000000002ade648 to 0x0000000002ade7b5
Event: 2.974 Thread 0x00000000562d9000 Exception <a 'java/lang/ArrayIndexOutOfBoundsException': 18> (0x00000000f20a6348) thrown at [C:\re\workspace\8-2-build-windows-amd64-cygwin\jdk8u45\3627\hotspot\src\share\vm\interpreter\interpreterRuntime.cpp, line 366]
Event: 2.975 Thread 0x00000000562d9000 Exception <a 'java/lang/ArrayIndexOutOfBoundsException'> (0x00000000f20a7e18) thrown at [C:\re\workspace\8-2-build-windows-amd64-cygwin\jdk8u45\3627\hotspot\src\share\vm\runtime\sharedRuntime.cpp, line 605]
Event: 2.975 Thread 0x00000000562d9000 Exception <a 'java/lang/ArrayIndexOutOfBoundsException'> (0x00000000f20a9050) thrown at [C:\re\workspace\8-2-build-windows-amd64-cygwin\jdk8u45\3627\hotspot\src\share\vm\runtime\sharedRuntime.cpp, line 605]
Event: 9.526 Thread 0x000000000214e000 Implicit null exception at 0x00000000028df4e8 to 0x00000000028df909
Event: 71.398 Thread 0x000000005796a000 Implicit null exception at 0x00000000033e6cd0 to 0x0000000000000000

Events (10 events):
Event: 66.296 Thread 0x000000005796a000 DEOPT PACKING pc=0x000000000346b2e0 sp=0x000000005863ea50
Event: 66.296 Thread 0x000000005796a000 DEOPT UNPACKING pc=0x000000000271582a sp=0x000000005863e980 mode 2
Event: 66.297 Thread 0x000000005796a000 Uncommon trap: trap_request=0xffffffd6 fr.pc=0x000000000346b2e0
Event: 66.297 Thread 0x000000005796a000 DEOPT PACKING pc=0x000000000346b2e0 sp=0x000000005863ea50
Event: 66.297 Thread 0x000000005796a000 DEOPT UNPACKING pc=0x000000000271582a sp=0x000000005863e980 mode 2
Event: 66.332 Executing VM operation: ParallelGCFailedAllocation
Event: 71.353 Executing VM operation: ParallelGCFailedAllocation done
Event: 71.363 Thread 0x0000000054e83800 flushing nmethod 0x00000000027edc50
Event: 71.374 Thread 0x0000000054e83800 flushing nmethod 0x00000000028de750
Event: 71.375 Thread 0x0000000054e83800 flushing nmethod 0x000000000292bbd0


Dynamic libraries:
0x000000013f4e0000 - 0x000000013f517000 	C:\Program Files\Java\jdk1.8.0_45\bin\java.exe
0x0000000077410000 - 0x00000000775bb000 	C:\Windows\SYSTEM32\ntdll.dll
0x00000000772f0000 - 0x000000007740f000 	C:\Windows\system32\kernel32.dll
0x000007fefd690000 - 0x000007fefd6fb000 	C:\Windows\system32\KERNELBASE.dll
0x000007fefdcf0000 - 0x000007fefddcb000 	C:\Windows\system32\ADVAPI32.dll
0x000007fefe360000 - 0x000007fefe3ff000 	C:\Windows\system32\msvcrt.dll
0x000007fefe070000 - 0x000007fefe08f000 	C:\Windows\SYSTEM32\sechost.dll
0x000007fefe090000 - 0x000007fefe1be000 	C:\Windows\system32\RPCRT4.dll
0x00000000771f0000 - 0x00000000772ea000 	C:\Windows\system32\USER32.dll
0x000007fefe1c0000 - 0x000007fefe227000 	C:\Windows\system32\GDI32.dll
0x000007fefd740000 - 0x000007fefd74e000 	C:\Windows\system32\LPK.dll
0x000007fefd7f0000 - 0x000007fefd8ba000 	C:\Windows\system32\USP10.dll
0x000007fefbd50000 - 0x000007fefbf44000 	C:\Windows\WinSxS\amd64_microsoft.windows.common-controls_6595b64144ccf1df_6.0.7600.16385_none_fa645303170382f6\COMCTL32.dll
0x000007fefe400000 - 0x000007fefe471000 	C:\Windows\system32\SHLWAPI.dll
0x000007fefe040000 - 0x000007fefe06e000 	C:\Windows\system32\IMM32.DLL
0x000007fefd980000 - 0x000007fefda89000 	C:\Windows\system32\MSCTF.dll
0x000000006d9b0000 - 0x000000006da82000 	C:\Program Files\Java\jdk1.8.0_45\jre\bin\msvcr100.dll
0x0000000073e20000 - 0x00000000746a3000 	C:\Program Files\Java\jdk1.8.0_45\jre\bin\server\jvm.dll
0x000007fef99c0000 - 0x000007fef99c9000 	C:\Windows\system32\WSOCK32.dll
0x000007fefe480000 - 0x000007fefe4cd000 	C:\Windows\system32\WS2_32.dll
0x000007fefddd0000 - 0x000007fefddd8000 	C:\Windows\system32\NSI.dll
0x000007fef90e0000 - 0x000007fef911b000 	C:\Windows\system32\WINMM.dll
0x000007fefc4e0000 - 0x000007fefc4ec000 	C:\Windows\system32\VERSION.dll
0x00000000775e0000 - 0x00000000775e7000 	C:\Windows\system32\PSAPI.DLL
0x0000000073e10000 - 0x0000000073e1f000 	C:\Program Files\Java\jdk1.8.0_45\jre\bin\verify.dll
0x0000000073de0000 - 0x0000000073e09000 	C:\Program Files\Java\jdk1.8.0_45\jre\bin\java.dll
0x0000000073220000 - 0x0000000073236000 	C:\Program Files\Java\jdk1.8.0_45\jre\bin\zip.dll
0x000007fefe730000 - 0x000007feff4b6000 	C:\Windows\system32\SHELL32.dll
0x000007fefe4d0000 - 0x000007fefe6d1000 	C:\Windows\system32\ole32.dll
0x000007fefd370000 - 0x000007fefd37f000 	C:\Windows\system32\profapi.dll
0x000007fef7860000 - 0x000007fef7985000 	C:\Windows\system32\dbghelp.dll

VM Arguments:
jvm_args: -Djava.awt.headless=true -Xmx1024M -Dfile.encoding=windows-1252 -Duser.country=US -Duser.language=en -Duser.variant 
java_command: com.android.dx.command.Main --dex --num-threads=4 --multi-dex --main-dex-list D:\mehul\WorkspaceStudio\Bavaria\app\build\intermediates\multi-dex\debug\maindexlist.txt --output D:\mehul\WorkspaceStudio\Bavaria\app\build\intermediates\transforms\dex\debug\folders\1000\1f\main D:\mehul\WorkspaceStudio\Bavaria\app\build\intermediates\transforms\jarMerging\debug\jars\1\1f\combined.jar
java_class_path (initial): D:\sdk\sdk\build-tools\23.0.3\lib\dx.jar
Launcher Type: SUN_STANDARD

Environment Variables:
PATH=C:\ProgramData\Oracle\Java\javapath;C:\Program Files (x86)\Intel\iCLS Client\;C:\Program Files\Intel\iCLS Client\;C:\Windows\system32;C:\Windows;C:\Windows\System32\Wbem;C:\Windows\System32\WindowsPowerShell\v1.0\;C:\Program Files\Intel\Intel(R) Management Engine Components\DAL;C:\Program Files\Intel\Intel(R) Management Engine Components\IPT;C:\Program Files (x86)\Intel\Intel(R) Management Engine Components\DAL;C:\Program Files (x86)\Intel\Intel(R) Management Engine Components\IPT;C:\Program Files (x86)\Skype\Phone\;C:\Program Files\Java\jdk1.8.0_45\bin;D:\sdk\android-ndk-r11c;
USERNAME=archirayan1
OS=Windows_NT
PROCESSOR_IDENTIFIER=Intel64 Family 6 Model 58 Stepping 9, GenuineIntel



---------------  S Y S T E M  ---------------

OS: Windows 7 , 64 bit Build 7600 (6.1.7600.16385)

CPU:total 2 (2 cores per cpu, 1 threads per core) family 6 model 58 stepping 9, cmov, cx8, fxsr, mmx, sse, sse2, sse3, ssse3, sse4.1, sse4.2, popcnt, clmul, erms, tsc, tscinvbit, tscinv

Memory: 4k page, physical 8279584k(3946788k free), swap 16557272k(12151808k free)

vm_info: Java HotSpot(TM) 64-Bit Server VM (25.45-b02) for windows-amd64 JRE (1.8.0_45-b15), built on Apr 30 2015 12:40:44 by "java_re" with MS VC++ 10.0 (VS2010)

time: Tue Jul 12 15:10:50 2016
elapsed time: 71 seconds (0d 0h 1m 11s)

